400 "PATCH /js/main.jsHTTP/2"
400 "PATCH /downloadsHTTP/1.1"
400 "PUT /favicon.icoHTTP/1.0"
400 "PATCH /forums/forums.txtHTTP/2"
400 "GET /downloadsHTTP/1.1"
400 "PATCH /downloadsHTTP/1.0"
400 "POST /forums/forums.txtHTTP/1.0"
400 "GET /forums/forums.txtHTTP/2"
400 "DELETE /downloadsHTTP/1.0"
400 "PUT /css/main.cssHTTP/2"
400 "GET /css/main.cssHTTP/2"
400 "PATCH /js/main.jsHTTP/2"
400 "DELETE /js/main.jsHTTP/2"
400 "GET /js/main.jsHTTP/1.1"
400 "GET /forums/forums.txtHTTP/1.0"
400 "PUT /js/main.jsHTTP/2"
400 "POST /favicon.icoHTTP/2"
400 "PUT /forums/forums.txtHTTP/2"
400 "GET /css/main.cssHTTP/1.0"
400 "GET /downloadsHTTP/1.0"
400 "POST /favicon.icoHTTP/1.1"
400 "DELETE /js/main.jsHTTP/1.1"
400 "GET /favicon.icoHTTP/1.0"
400 "GET /favicon.icoHTTP/1.0"
400 "GET /favicon.icoHTTP/1.1"
400 "POST /css/main.cssHTTP/1.0"
400 "GET /js/main.jsHTTP/2"
400 "POST /forums/forums.txtHTTP/1.0"
400 "PATCH /forums/forums.txtHTTP/2"
400 "PATCH /downloadsHTTP/2"
400 "POST /css/main.cssHTTP/1.1"
400 "DELETE /js/main.jsHTTP/1.1"
400 "PATCH /forums/forums.txtHTTP/2"
400 "GET /downloadsHTTP/1.1"
400 "POST /css/main.cssHTTP/1.0"
400 "PATCH /css/main.cssHTTP/2"
400 "PUT /forums/forums.txtHTTP/2"
400 "DELETE /favicon.icoHTTP/1.1"
400 "DELETE /css/main.cssHTTP/1.0"
400 "POST /forums/forums.txtHTTP/1.0"
400 "POST /downloadsHTTP/2"
400 "PUT /js/main.jsHTTP/2"
400 "PATCH /css/main.cssHTTP/1.0"
400 "PATCH /downloadsHTTP/1.1"
400 "GET /favicon.icoHTTP/1.1"
400 "PATCH /downloadsHTTP/2"
400 "PUT /js/main.jsHTTP/2"
400 "DELETE /forums/forums.txtHTTP/1.0"
400 "DELETE /js/main.jsHTTP/1.1"
400 "PUT /forums/forums.txtHTTP/2"
400 "PATCH /downloadsHTTP/1.1"
400 "POST /forums/forums.txtHTTP/1.0"
400 "POST /favicon.icoHTTP/1.0"
400 "GET /forums/forums.txtHTTP/1.1"
400 "PUT /downloadsHTTP/1.1"
400 "DELETE /css/main.cssHTTP/1.0"
400 "GET /css/main.cssHTTP/1.0"
400 "POST /js/main.jsHTTP/1.0"
400 "PUT /downloadsHTTP/2"
400 "PUT /favicon.icoHTTP/1.1"
400 "POST /forums/forums.txtHTTP/1.0"
400 "PATCH /css/main.cssHTTP/2"
400 "DELETE /forums/forums.txtHTTP/1.1"
400 "POST /css/main.cssHTTP/1.0"
400 "PUT /favicon.icoHTTP/1.0"
400 "DELETE /css/main.cssHTTP/1.1"
400 "POST /downloadsHTTP/1.1"
400 "PUT /css/main.cssHTTP/1.1"
400 "PUT /favicon.icoHTTP/1.1"
400 "PUT /favicon.icoHTTP/1.0"
400 "DELETE /js/main.jsHTTP/1.0"
400 "DELETE /css/main.cssHTTP/1.1"
400 "DELETE /downloadsHTTP/1.1"
400 "POST /downloadsHTTP/1.0"
400 "GET /downloadsHTTP/2"
400 "POST /forums/forums.txtHTTP/1.1"
400 "POST /css/main.cssHTTP/1.0"
400 "PUT /downloadsHTTP/1.1"
400 "POST /js/main.jsHTTP/2"
400 "GET /favicon.icoHTTP/1.1"
400 "DELETE /forums/forums.txtHTTP/1.1"
400 "PATCH /favicon.icoHTTP/1.0"
400 "POST /favicon.icoHTTP/1.1"
400 "PUT /favicon.icoHTTP/1.1"
400 "POST /css/main.cssHTTP/1.1"
400 "PUT /css/main.cssHTTP/2"
400 "DELETE /favicon.icoHTTP/2"
400 "POST /downloadsHTTP/1.1"
400 "PATCH /downloadsHTTP/1.0"
400 "PATCH /css/main.cssHTTP/2"
400 "DELETE /forums/forums.txtHTTP/1.1"
400 "PATCH /js/main.jsHTTP/1.0"
400 "POST /js/main.jsHTTP/1.0"
400 "GET /favicon.icoHTTP/1.0"
400 "DELETE /js/main.jsHTTP/2"
400 "PUT /forums/forums.txtHTTP/1.0"
400 "PATCH /downloadsHTTP/1.1"
400 "PATCH /favicon.icoHTTP/2"
400 "POST /js/main.jsHTTP/1.0"
400 "POST /favicon.icoHTTP/1.0"
400 "POST /css/main.cssHTTP/2"
400 "GET /downloadsHTTP/2"
400 "PUT /js/main.jsHTTP/2"
400 "PUT /js/main.jsHTTP/1.0"
400 "GET /js/main.jsHTTP/2"
400 "DELETE /downloadsHTTP/1.0"
400 "PATCH /js/main.jsHTTP/1.1"
400 "PUT /forums/forums.txtHTTP/1.0"
400 "GET /forums/forums.txtHTTP/2"
400 "DELETE /downloadsHTTP/1.1"
400 "GET /forums/forums.txtHTTP/2"
400 "DELETE /forums/forums.txtHTTP/2"
400 "POST /forums/forums.txtHTTP/1.1"
400 "PUT /js/main.jsHTTP/1.0"
400 "PATCH /js/main.jsHTTP/1.0"
400 "DELETE /css/main.cssHTTP/1.1"
400 "DELETE /forums/forums.txtHTTP/2"
400 "POST /js/main.jsHTTP/2"
400 "PUT /forums/forums.txtHTTP/1.1"
400 "POST /css/main.cssHTTP/1.0"
400 "GET /favicon.icoHTTP/2"
400 "GET /css/main.cssHTTP/2"
400 "POST /favicon.icoHTTP/1.0"
400 "PATCH /forums/forums.txtHTTP/2"
400 "PUT /favicon.icoHTTP/1.0"
400 "PUT /favicon.icoHTTP/1.0"
400 "POST /downloadsHTTP/1.0"
400 "DELETE /css/main.cssHTTP/2"
400 "PATCH /forums/forums.txtHTTP/1.1"
400 "DELETE /css/main.cssHTTP/2"
400 "GET /favicon.icoHTTP/2"
400 "PATCH /js/main.jsHTTP/2"
400 "PATCH /forums/forums.txtHTTP/1.1"
400 "DELETE /css/main.cssHTTP/2"
400 "POST /css/main.cssHTTP/1.0"
400 "POST /downloadsHTTP/1.1"
400 "PATCH /downloadsHTTP/1.1"
400 "DELETE /favicon.icoHTTP/1.1"
400 "POST /js/main.jsHTTP/2"
400 "POST /downloadsHTTP/1.0"
400 "DELETE /js/main.jsHTTP/1.0"
400 "PATCH /favicon.icoHTTP/1.0"
400 "PUT /downloadsHTTP/2"
400 "GET /js/main.jsHTTP/1.1"
400 "PATCH /downloadsHTTP/1.1"
400 "GET /downloadsHTTP/1.0"
400 "PATCH /forums/forums.txtHTTP/1.0"
400 "PUT /css/main.cssHTTP/2"
400 "POST /downloadsHTTP/2"
400 "DELETE /downloadsHTTP/1.0"
400 "GET /downloadsHTTP/1.1"
400 "PATCH /css/main.cssHTTP/1.1"
400 "PUT /downloadsHTTP/1.0"
400 "DELETE /js/main.jsHTTP/1.0"
400 "GET /downloadsHTTP/2"
400 "DELETE /favicon.icoHTTP/1.1"
400 "GET /downloadsHTTP/1.1"
400 "GET /js/main.jsHTTP/1.0"
400 "PUT /downloadsHTTP/1.1"
400 "PUT /forums/forums.txtHTTP/1.0"
400 "PATCH /js/main.jsHTTP/2"
400 "POST /js/main.jsHTTP/2"
400 "POST /js/main.jsHTTP/1.1"
400 "POST /forums/forums.txtHTTP/2"
400 "PUT /favicon.icoHTTP/1.1"
400 "GET /js/main.jsHTTP/2"
400 "PATCH /css/main.cssHTTP/1.0"
400 "POST /js/main.jsHTTP/1.0"
400 "PUT /downloadsHTTP/1.1"
400 "PUT /forums/forums.txtHTTP/2"
400 "DELETE /js/main.jsHTTP/1.0"
400 "GET /forums/forums.txtHTTP/1.0"
400 "DELETE /favicon.icoHTTP/1.1"
400 "DELETE /css/main.cssHTTP/2"
400 "PATCH /forums/forums.txtHTTP/1.1"
400 "POST /downloadsHTTP/1.1"
400 "PUT /css/main.cssHTTP/1.0"
400 "GET /js/main.jsHTTP/1.1"
400 "PUT /forums/forums.txtHTTP/2"
400 "PATCH /css/main.cssHTTP/2"
400 "GET /forums/forums.txtHTTP/1.0"
400 "DELETE /downloadsHTTP/2"
400 "DELETE /forums/forums.txtHTTP/1.0"
400 "GET /css/main.cssHTTP/2"
400 "DELETE /js/main.jsHTTP/1.1"
400 "PATCH /downloadsHTTP/2"
400 "DELETE /css/main.cssHTTP/1.1"
400 "DELETE /js/main.jsHTTP/2"
400 "POST /favicon.icoHTTP/2"
400 "DELETE /forums/forums.txtHTTP/2"
400 "PUT /css/main.cssHTTP/1.0"
400 "DELETE /downloadsHTTP/1.0"
400 "PUT /favicon.icoHTTP/1.1"
400 "GET /js/main.jsHTTP/1.0"
400 "PUT /css/main.cssHTTP/2"
400 "DELETE /favicon.icoHTTP/2"
400 "GET /js/main.jsHTTP/2"
400 "DELETE /downloadsHTTP/2"
400 "PATCH /css/main.cssHTTP/1.1"
400 "POST /js/main.jsHTTP/2"
400 "DELETE /css/main.cssHTTP/1.0"
400 "PUT /forums/forums.txtHTTP/2"
400 "GET /favicon.icoHTTP/1.0"
400 "GET /forums/forums.txtHTTP/1.0"
400 "POST /js/main.jsHTTP/1.0"
400 "PATCH /js/main.jsHTTP/1.0"
401 "DELETE /js/main.jsHTTP/2"
401 "POST /downloadsHTTP/2"
401 "PATCH /js/main.jsHTTP/1.1"
401 "PUT /forums/forums.txtHTTP/1.1"
401 "POST /favicon.icoHTTP/1.1"
401 "PUT /js/main.jsHTTP/2"
401 "PATCH /css/main.cssHTTP/2"
401 "GET /favicon.icoHTTP/1.1"
401 "PATCH /favicon.icoHTTP/1.1"
401 "GET /css/main.cssHTTP/2"
401 "PATCH /js/main.jsHTTP/1.0"
401 "POST /favicon.icoHTTP/2"
401 "PATCH /favicon.icoHTTP/2"
401 "PUT /favicon.icoHTTP/1.1"
401 "POST /downloadsHTTP/2"
401 "DELETE /forums/forums.txtHTTP/1.0"
401 "PUT /forums/forums.txtHTTP/1.1"
401 "POST /css/main.cssHTTP/1.1"
401 "POST /js/main.jsHTTP/2"
401 "PATCH /favicon.icoHTTP/2"
401 "GET /css/main.cssHTTP/1.1"
401 "POST /forums/forums.txtHTTP/1.0"
401 "POST /js/main.jsHTTP/1.1"
401 "GET /css/main.cssHTTP/1.0"
401 "GET /js/main.jsHTTP/1.1"
401 "GET /favicon.icoHTTP/1.1"
401 "GET /js/main.jsHTTP/1.0"
401 "PUT /js/main.jsHTTP/1.1"
401 "POST /css/main.cssHTTP/2"
401 "DELETE /forums/forums.txtHTTP/1.0"
401 "POST /js/main.jsHTTP/1.0"
401 "POST /js/main.jsHTTP/2"
401 "PATCH /downloadsHTTP/1.1"
401 "DELETE /forums/forums.txtHTTP/2"
401 "PATCH /favicon.icoHTTP/1.1"
401 "POST /downloadsHTTP/1.1"
401 "DELETE /css/main.cssHTTP/1.1"
401 "DELETE /forums/forums.txtHTTP/1.1"
401 "POST /favicon.icoHTTP/1.1"
401 "DELETE /css/main.cssHTTP/1.1"
401 "DELETE /css/main.cssHTTP/1.1"
401 "GET /downloadsHTTP/2"
401 "GET /downloadsHTTP/1.1"
401 "DELETE /downloadsHTTP/1.1"
401 "PATCH /css/main.cssHTTP/1.0"
401 "POST /js/main.jsHTTP/2"
401 "PATCH /css/main.cssHTTP/1.1"
401 "DELETE /favicon.icoHTTP/2"
401 "PUT /forums/forums.txtHTTP/2"
401 "DELETE /js/main.jsHTTP/1.1"
401 "POST /downloadsHTTP/2"
401 "PATCH /css/main.cssHTTP/1.1"
401 "PATCH /css/main.cssHTTP/2"
401 "DELETE /js/main.jsHTTP/1.1"
401 "PATCH /js/main.jsHTTP/1.0"
401 "GET /downloadsHTTP/2"
401 "GET /downloadsHTTP/1.0"
401 "PUT /downloadsHTTP/1.1"
401 "PATCH /css/main.cssHTTP/2"
401 "PUT /downloadsHTTP/1.0"
401 "POST /js/main.jsHTTP/1.0"
401 "POST /downloadsHTTP/1.0"
401 "DELETE /js/main.jsHTTP/1.1"
401 "PATCH /css/main.cssHTTP/1.0"
401 "DELETE /js/main.jsHTTP/1.1"
401 "DELETE /js/main.jsHTTP/1.1"
401 "PUT /downloadsHTTP/1.1"
401 "PATCH /css/main.cssHTTP/2"
401 "PUT /js/main.jsHTTP/1.1"
401 "PUT /downloadsHTTP/2"
401 "POST /favicon.icoHTTP/2"
401 "DELETE /js/main.jsHTTP/1.1"
401 "POST /downloadsHTTP/2"
401 "PUT /css/main.cssHTTP/2"
401 "PATCH /js/main.jsHTTP/2"
401 "POST /js/main.jsHTTP/2"
401 "PUT /forums/forums.txtHTTP/1.1"
401 "PATCH /js/main.jsHTTP/1.1"
401 "DELETE /forums/forums.txtHTTP/1.0"
401 "GET /js/main.jsHTTP/2"
401 "PATCH /downloadsHTTP/1.0"
401 "GET /downloadsHTTP/1.1"
401 "DELETE /js/main.jsHTTP/2"
401 "POST /css/main.cssHTTP/2"
401 "PUT /downloadsHTTP/1.0"
401 "POST /forums/forums.txtHTTP/1.1"
401 "POST /downloadsHTTP/1.1"
401 "PUT /css/main.cssHTTP/1.0"
401 "PUT /forums/forums.txtHTTP/1.1"
401 "POST /favicon.icoHTTP/1.0"
401 "DELETE /forums/forums.txtHTTP/1.0"
401 "POST /css/main.cssHTTP/1.0"
401 "DELETE /js/main.jsHTTP/1.1"
401 "DELETE /favicon.icoHTTP/2"
401 "PATCH /css/main.cssHTTP/2"
401 "POST /forums/forums.txtHTTP/1.0"
401 "PATCH /downloadsHTTP/1.1"
401 "POST /forums/forums.txtHTTP/1.0"
401 "GET /js/main.jsHTTP/2"
401 "POST /css/main.cssHTTP/2"
401 "PUT /forums/forums.txtHTTP/2"
401 "DELETE /favicon.icoHTTP/2"
401 "POST /css/main.cssHTTP/1.0"
401 "PATCH /downloadsHTTP/2"
401 "PATCH /downloadsHTTP/2"
401 "GET /js/main.jsHTTP/1.1"
401 "PUT /forums/forums.txtHTTP/1.0"
401 "PUT /favicon.icoHTTP/1.1"
401 "PATCH /downloadsHTTP/1.0"
401 "DELETE /css/main.cssHTTP/1.1"
401 "DELETE /favicon.icoHTTP/1.0"
401 "PATCH /downloadsHTTP/2"
401 "PUT /downloadsHTTP/1.0"
401 "PATCH /css/main.cssHTTP/2"
401 "DELETE /js/main.jsHTTP/1.1"
401 "GET /favicon.icoHTTP/1.0"
401 "PUT /forums/forums.txtHTTP/2"
401 "DELETE /css/main.cssHTTP/1.0"
401 "DELETE /favicon.icoHTTP/1.1"
401 "PUT /downloadsHTTP/2"
401 "PATCH /css/main.cssHTTP/1.0"
401 "GET /downloadsHTTP/2"
401 "PATCH /favicon.icoHTTP/2"
401 "PUT /downloadsHTTP/1.1"
401 "DELETE /css/main.cssHTTP/2"
401 "PUT /favicon.icoHTTP/2"
401 "GET /favicon.icoHTTP/2"
401 "DELETE /js/main.jsHTTP/2"
401 "PATCH /forums/forums.txtHTTP/1.0"
401 "DELETE /css/main.cssHTTP/1.0"
401 "POST /js/main.jsHTTP/1.0"
401 "PUT /js/main.jsHTTP/1.0"
401 "PUT /downloadsHTTP/2"
401 "POST /js/main.jsHTTP/1.0"
401 "PUT /forums/forums.txtHTTP/2"
401 "POST /forums/forums.txtHTTP/1.0"
401 "PATCH /js/main.jsHTTP/2"
401 "POST /js/main.jsHTTP/1.1"
401 "GET /forums/forums.txtHTTP/2"
401 "PATCH /css/main.cssHTTP/2"
401 "PATCH /css/main.cssHTTP/1.0"
401 "PUT /downloadsHTTP/1.0"
401 "POST /downloadsHTTP/1.1"
401 "PATCH /favicon.icoHTTP/1.1"
401 "DELETE /js/main.jsHTTP/2"
401 "PATCH /js/main.jsHTTP/1.0"
401 "GET /favicon.icoHTTP/1.1"
401 "PUT /downloadsHTTP/1.1"
401 "PATCH /favicon.icoHTTP/1.0"
401 "POST /downloadsHTTP/1.0"
401 "DELETE /downloadsHTTP/1.1"
401 "PUT /css/main.cssHTTP/1.0"
401 "POST /favicon.icoHTTP/2"
401 "POST /js/main.jsHTTP/1.0"
401 "POST /downloadsHTTP/2"
401 "PATCH /downloadsHTTP/1.0"
401 "PUT /forums/forums.txtHTTP/1.1"
401 "DELETE /js/main.jsHTTP/2"
401 "GET /css/main.cssHTTP/2"
401 "POST /js/main.jsHTTP/1.0"
401 "PATCH /css/main.cssHTTP/1.1"
401 "PATCH /favicon.icoHTTP/1.1"
401 "POST /downloadsHTTP/2"
401 "PUT /favicon.icoHTTP/1.1"
401 "GET /downloadsHTTP/1.1"
401 "PUT /js/main.jsHTTP/1.1"
401 "PATCH /css/main.cssHTTP/1.1"
401 "POST /downloadsHTTP/1.0"
401 "PUT /css/main.cssHTTP/1.1"
401 "GET /downloadsHTTP/2"
401 "PATCH /forums/forums.txtHTTP/1.1"
401 "PATCH /downloadsHTTP/1.0"
401 "GET /favicon.icoHTTP/2"
401 "DELETE /css/main.cssHTTP/1.0"
401 "PUT /forums/forums.txtHTTP/1.0"
401 "POST /js/main.jsHTTP/2"
401 "DELETE /forums/forums.txtHTTP/1.1"
401 "DELETE /downloadsHTTP/1.1"
401 "GET /favicon.icoHTTP/2"
401 "DELETE /css/main.cssHTTP/1.1"
401 "PATCH /css/main.cssHTTP/1.0"
401 "POST /css/main.cssHTTP/1.1"
401 "PATCH /downloadsHTTP/1.1"
401 "PATCH /css/main.cssHTTP/1.1"
401 "POST /js/main.jsHTTP/1.1"
401 "PATCH /favicon.icoHTTP/1.1"
401 "PUT /css/main.cssHTTP/1.1"
401 "GET /css/main.cssHTTP/1.0"
401 "PUT /forums/forums.txtHTTP/1.1"
401 "GET /forums/forums.txtHTTP/2"
401 "DELETE /css/main.cssHTTP/1.1"
401 "PUT /forums/forums.txtHTTP/1.1"
401 "PATCH /css/main.cssHTTP/1.1"
401 "PUT /favicon.icoHTTP/2"
401 "GET /downloadsHTTP/2"
401 "GET /downloadsHTTP/1.1"
401 "PATCH /css/main.cssHTTP/1.0"
401 "DELETE /css/main.cssHTTP/1.0"
401 "POST /forums/forums.txtHTTP/1.1"
401 "GET /js/main.jsHTTP/2"
401 "GET /favicon.icoHTTP/2"
401 "GET /js/main.jsHTTP/2"
401 "PATCH /css/main.cssHTTP/1.1"
401 "PUT /js/main.jsHTTP/2"
401 "DELETE /js/main.jsHTTP/1.1"
401 "DELETE /downloadsHTTP/1.0"
401 "DELETE /forums/forums.txtHTTP/1.1"
401 "GET /downloadsHTTP/2"
401 "GET /favicon.icoHTTP/1.1"
401 "PATCH /css/main.cssHTTP/1.1"
401 "PATCH /favicon.icoHTTP/1.1"
401 "POST /css/main.cssHTTP/1.1"
401 "PUT /css/main.cssHTTP/1.0"
401 "DELETE /downloadsHTTP/1.0"
401 "PATCH /js/main.jsHTTP/2"
401 "POST /js/main.jsHTTP/2"
401 "GET /downloadsHTTP/2"
401 "GET /css/main.cssHTTP/2"
401 "PUT /favicon.icoHTTP/1.0"
401 "GET /downloadsHTTP/1.1"
401 "PATCH /favicon.icoHTTP/1.0"
401 "DELETE /favicon.icoHTTP/1.1"
401 "POST /downloadsHTTP/2"
401 "PATCH /js/main.jsHTTP/1.1"
401 "DELETE /favicon.icoHTTP/1.1"
403 "DELETE /favicon.icoHTTP/1.1"
403 "GET /downloadsHTTP/1.1"
403 "POST /css/main.cssHTTP/1.0"
403 "DELETE /forums/forums.txtHTTP/1.0"
403 "GET /js/main.jsHTTP/2"
403 "PUT /forums/forums.txtHTTP/2"
403 "PATCH /favicon.icoHTTP/2"
403 "GET /downloadsHTTP/1.0"
403 "PUT /favicon.icoHTTP/1.1"
403 "DELETE /css/main.cssHTTP/2"
403 "POST /css/main.cssHTTP/1.1"
403 "PATCH /js/main.jsHTTP/2"
403 "DELETE /js/main.jsHTTP/1.0"
403 "DELETE /css/main.cssHTTP/1.0"
403 "POST /js/main.jsHTTP/2"
403 "PUT /forums/forums.txtHTTP/1.0"
403 "PUT /forums/forums.txtHTTP/1.1"
403 "DELETE /js/main.jsHTTP/2"
403 "PATCH /favicon.icoHTTP/1.1"
403 "POST /downloadsHTTP/2"
403 "DELETE /favicon.icoHTTP/1.1"
403 "GET /downloadsHTTP/1.1"
403 "PUT /js/main.jsHTTP/2"
403 "GET /css/main.cssHTTP/1.1"
403 "POST /js/main.jsHTTP/2"
403 "PATCH /downloadsHTTP/1.0"
403 "DELETE /favicon.icoHTTP/1.0"
403 "PATCH /css/main.cssHTTP/1.1"
403 "POST /downloadsHTTP/2"
403 "PUT /forums/forums.txtHTTP/1.1"
403 "GET /js/main.jsHTTP/1.1"
403 "DELETE /forums/forums.txtHTTP/1.0"
403 "PUT /forums/forums.txtHTTP/1.0"
403 "POST /forums/forums.txtHTTP/2"
403 "PUT /js/main.jsHTTP/2"
403 "PUT /downloadsHTTP/1.1"
403 "PATCH /favicon.icoHTTP/1.0"
403 "GET /css/main.cssHTTP/1.1"
403 "PUT /forums/forums.txtHTTP/1.1"
403 "GET /js/main.jsHTTP/1.1"
403 "PATCH /favicon.icoHTTP/1.1"
403 "DELETE /css/main.cssHTTP/1.1"
403 "PUT /favicon.icoHTTP/1.0"
403 "DELETE /downloadsHTTP/1.1"
403 "PATCH /favicon.icoHTTP/1.1"
403 "PUT /forums/forums.txtHTTP/2"
403 "DELETE /favicon.icoHTTP/1.1"
403 "DELETE /css/main.cssHTTP/2"
403 "GET /favicon.icoHTTP/1.0"
403 "POST /js/main.jsHTTP/1.0"
403 "DELETE /favicon.icoHTTP/1.1"
403 "GET /css/main.cssHTTP/1.1"
403 "PATCH /forums/forums.txtHTTP/1.0"
403 "PUT /js/main.jsHTTP/1.1"
403 "DELETE /forums/forums.txtHTTP/1.0"
403 "GET /css/main.cssHTTP/1.1"
403 "GET /downloadsHTTP/2"
403 "GET /downloadsHTTP/2"
403 "PUT /forums/forums.txtHTTP/1.1"
403 "PUT /forums/forums.txtHTTP/2"
403 "DELETE /forums/forums.txtHTTP/1.1"
403 "GET /css/main.cssHTTP/2"
403 "PATCH /forums/forums.txtHTTP/2"
403 "DELETE /js/main.jsHTTP/1.0"
403 "POST /js/main.jsHTTP/2"
403 "GET /js/main.jsHTTP/1.0"
403 "POST /favicon.icoHTTP/1.0"
403 "PATCH /js/main.jsHTTP/2"
403 "DELETE /js/main.jsHTTP/1.1"
403 "PUT /css/main.cssHTTP/2"
403 "PUT /favicon.icoHTTP/1.0"
403 "PATCH /downloadsHTTP/2"
403 "PUT /js/main.jsHTTP/1.1"
403 "PATCH /favicon.icoHTTP/2"
403 "PUT /favicon.icoHTTP/1.1"
403 "PATCH /css/main.cssHTTP/1.0"
403 "GET /js/main.jsHTTP/2"
403 "GET /css/main.cssHTTP/1.0"
403 "DELETE /css/main.cssHTTP/1.0"
403 "POST /js/main.jsHTTP/1.1"
403 "PATCH /css/main.cssHTTP/2"
403 "GET /forums/forums.txtHTTP/1.1"
403 "POST /forums/forums.txtHTTP/2"
403 "POST /downloadsHTTP/2"
403 "PATCH /forums/forums.txtHTTP/1.1"
403 "PUT /js/main.jsHTTP/1.1"
403 "PATCH /forums/forums.txtHTTP/1.0"
403 "DELETE /favicon.icoHTTP/2"
403 "GET /downloadsHTTP/2"
403 "DELETE /forums/forums.txtHTTP/1.0"
403 "PUT /forums/forums.txtHTTP/1.0"
403 "GET /js/main.jsHTTP/2"
403 "PATCH /css/main.cssHTTP/2"
403 "PUT /downloadsHTTP/2"
403 "PATCH /js/main.jsHTTP/1.1"
403 "PUT /favicon.icoHTTP/2"
403 "PATCH /css/main.cssHTTP/1.1"
403 "PUT /css/main.cssHTTP/2"
403 "POST /forums/forums.txtHTTP/1.0"
403 "PUT /css/main.cssHTTP/1.0"
403 "GET /forums/forums.txtHTTP/2"
403 "GET /css/main.cssHTTP/1.1"
403 "DELETE /downloadsHTTP/1.0"
403 "DELETE /favicon.icoHTTP/1.1"
403 "PUT /forums/forums.txtHTTP/2"
403 "PATCH /downloadsHTTP/2"
403 "GET /favicon.icoHTTP/1.1"
403 "GET /forums/forums.txtHTTP/2"
403 "DELETE /js/main.jsHTTP/1.0"
403 "POST /js/main.jsHTTP/2"
403 "PATCH /js/main.jsHTTP/1.1"
403 "PUT /favicon.icoHTTP/1.0"
403 "DELETE /forums/forums.txtHTTP/2"
403 "PUT /downloadsHTTP/1.1"
403 "GET /js/main.jsHTTP/2"
403 "GET /forums/forums.txtHTTP/2"
403 "DELETE /css/main.cssHTTP/2"
403 "GET /forums/forums.txtHTTP/2"
403 "POST /js/main.jsHTTP/1.0"
403 "GET /downloadsHTTP/2"
403 "POST /downloadsHTTP/1.0"
403 "POST /css/main.cssHTTP/1.0"
403 "PUT /css/main.cssHTTP/2"
403 "DELETE /css/main.cssHTTP/2"
403 "PATCH /css/main.cssHTTP/2"
403 "GET /favicon.icoHTTP/2"
403 "GET /forums/forums.txtHTTP/1.0"
403 "POST /js/main.jsHTTP/1.1"
403 "DELETE /forums/forums.txtHTTP/1.0"
403 "GET /js/main.jsHTTP/2"
403 "POST /css/main.cssHTTP/1.0"
403 "PATCH /css/main.cssHTTP/1.1"
403 "DELETE /forums/forums.txtHTTP/1.0"
403 "DELETE /favicon.icoHTTP/1.1"
403 "GET /downloadsHTTP/1.1"
403 "PATCH /css/main.cssHTTP/1.1"
403 "DELETE /favicon.icoHTTP/1.1"
403 "GET /css/main.cssHTTP/1.1"
403 "GET /js/main.jsHTTP/1.1"
403 "PATCH /css/main.cssHTTP/1.0"
403 "PUT /downloadsHTTP/1.0"
403 "PATCH /forums/forums.txtHTTP/1.1"
403 "PUT /forums/forums.txtHTTP/2"
403 "PUT /downloadsHTTP/2"
403 "POST /js/main.jsHTTP/2"
403 "DELETE /js/main.jsHTTP/1.1"
403 "PATCH /js/main.jsHTTP/1.1"
403 "POST /css/main.cssHTTP/2"
403 "PATCH /favicon.icoHTTP/1.1"
403 "POST /js/main.jsHTTP/1.1"
403 "PUT /favicon.icoHTTP/1.1"
403 "GET /js/main.jsHTTP/1.1"
403 "PATCH /favicon.icoHTTP/1.0"
403 "PATCH /downloadsHTTP/1.0"
403 "PUT /css/main.cssHTTP/1.0"
403 "GET /downloadsHTTP/1.1"
403 "PUT /downloadsHTTP/1.1"
403 "PATCH /forums/forums.txtHTTP/2"
403 "GET /downloadsHTTP/1.0"
403 "GET /css/main.cssHTTP/1.1"
403 "DELETE /favicon.icoHTTP/1.1"
403 "DELETE /favicon.icoHTTP/1.0"
403 "DELETE /forums/forums.txtHTTP/1.0"
403 "GET /css/main.cssHTTP/1.1"
403 "GET /js/main.jsHTTP/1.1"
403 "PATCH /css/main.cssHTTP/1.1"
403 "PATCH /forums/forums.txtHTTP/1.1"
403 "POST /css/main.cssHTTP/2"
403 "DELETE /downloadsHTTP/1.1"
403 "DELETE /forums/forums.txtHTTP/1.0"
403 "DELETE /downloadsHTTP/1.0"
403 "PUT /favicon.icoHTTP/1.0"
403 "PUT /forums/forums.txtHTTP/2"
403 "GET /js/main.jsHTTP/1.1"
403 "POST /js/main.jsHTTP/2"
403 "PATCH /downloadsHTTP/1.0"
403 "GET /downloadsHTTP/1.1"
403 "GET /js/main.jsHTTP/1.0"
403 "DELETE /favicon.icoHTTP/2"
403 "GET /downloadsHTTP/1.1"
403 "DELETE /forums/forums.txtHTTP/1.1"
403 "DELETE /favicon.icoHTTP/2"
403 "PATCH /downloadsHTTP/1.0"
403 "GET /css/main.cssHTTP/1.1"
403 "GET /favicon.icoHTTP/2"
403 "GET /js/main.jsHTTP/1.1"
403 "GET /downloadsHTTP/2"
403 "PATCH /downloadsHTTP/1.0"
403 "GET /forums/forums.txtHTTP/1.0"
403 "PUT /css/main.cssHTTP/1.0"
403 "GET /js/main.jsHTTP/1.1"
403 "PATCH /favicon.icoHTTP/1.0"
403 "GET /downloadsHTTP/2"
403 "DELETE /forums/forums.txtHTTP/1.0"
403 "POST /css/main.cssHTTP/1.1"
403 "POST /favicon.icoHTTP/1.1"
403 "PATCH /js/main.jsHTTP/2"
403 "POST /favicon.icoHTTP/2"
403 "DELETE /downloadsHTTP/2"
403 "PUT /favicon.icoHTTP/1.0"
403 "PATCH /favicon.icoHTTP/1.0"
403 "DELETE /js/main.jsHTTP/1.0"
403 "POST /forums/forums.txtHTTP/1.1"
403 "PATCH /downloadsHTTP/2"
403 "DELETE /downloadsHTTP/2"
403 "PUT /forums/forums.txtHTTP/1.0"
403 "GET /favicon.icoHTTP/2"
403 "PATCH /downloadsHTTP/1.0"
403 "PATCH /downloadsHTTP/1.1"
403 "POST /favicon.icoHTTP/2"
403 "PUT /favicon.icoHTTP/1.1"
403 "PUT /downloadsHTTP/1.0"
403 "POST /js/main.jsHTTP/1.0"
403 "GET /downloadsHTTP/2"
403 "POST /css/main.cssHTTP/2"
403 "GET /downloadsHTTP/1.0"
403 "POST /forums/forums.txtHTTP/1.1"
403 "PATCH /forums/forums.txtHTTP/1.0"
403 "PUT /downloadsHTTP/1.1"
403 "PUT /js/main.jsHTTP/2"
403 "POST /js/main.jsHTTP/1.1"
403 "PATCH /js/main.jsHTTP/1.1"
404 "GET /downloadsHTTP/1.0"
404 "PUT /js/main.jsHTTP/2"
404 "POST /js/main.jsHTTP/1.0"
404 "PUT /css/main.cssHTTP/1.0"
404 "POST /favicon.icoHTTP/1.1"
404 "PUT /css/main.cssHTTP/1.0"
404 "PATCH /favicon.icoHTTP/2"
404 "PATCH /favicon.icoHTTP/1.0"
404 "DELETE /css/main.cssHTTP/2"
404 "PATCH /js/main.jsHTTP/1.1"
404 "PUT /forums/forums.txtHTTP/2"
404 "DELETE /css/main.cssHTTP/1.0"
404 "DELETE /js/main.jsHTTP/2"
404 "PATCH /js/main.jsHTTP/1.1"
404 "GET /forums/forums.txtHTTP/1.0"
404 "GET /downloadsHTTP/1.1"
404 "PATCH /forums/forums.txtHTTP/1.0"
404 "GET /css/main.cssHTTP/2"
404 "PATCH /css/main.cssHTTP/2"
404 "PATCH /forums/forums.txtHTTP/2"
404 "POST /downloadsHTTP/1.1"
404 "POST /favicon.icoHTTP/2"
404 "PUT /favicon.icoHTTP/2"
404 "POST /favicon.icoHTTP/1.0"
404 "PUT /css/main.cssHTTP/1.0"
404 "DELETE /css/main.cssHTTP/1.0"
404 "PATCH /forums/forums.txtHTTP/1.0"
404 "POST /downloadsHTTP/2"
404 "PUT /css/main.cssHTTP/1.1"
404 "PUT /js/main.jsHTTP/2"
404 "GET /forums/forums.txtHTTP/2"
404 "DELETE /js/main.jsHTTP/1.0"
404 "PUT /downloadsHTTP/1.1"
404 "POST /js/main.jsHTTP/2"
404 "PATCH /css/main.cssHTTP/1.0"
404 "POST /css/main.cssHTTP/2"
404 "POST /downloadsHTTP/2"
404 "PUT /css/main.cssHTTP/2"
404 "POST /downloadsHTTP/1.0"
404 "POST /css/main.cssHTTP/2"
404 "POST /favicon.icoHTTP/1.0"
404 "PUT /downloadsHTTP/2"
404 "PUT /js/main.jsHTTP/1.0"
404 "POST /downloadsHTTP/1.0"
404 "GET /forums/forums.txtHTTP/1.0"
404 "GET /js/main.jsHTTP/1.1"
404 "GET /js/main.jsHTTP/2"
404 "PUT /css/main.cssHTTP/1.1"
404 "POST /downloadsHTTP/1.1"
404 "PATCH /downloadsHTTP/2"
404 "PATCH /forums/forums.txtHTTP/1.1"
404 "DELETE /forums/forums.txtHTTP/1.1"
404 "PUT /downloadsHTTP/1.0"
404 "PATCH /downloadsHTTP/1.0"
404 "DELETE /favicon.icoHTTP/1.1"
404 "GET /js/main.jsHTTP/2"
404 "DELETE /downloadsHTTP/1.0"
404 "GET /favicon.icoHTTP/1.1"
404 "PATCH /downloadsHTTP/1.0"
404 "PUT /forums/forums.txtHTTP/2"
404 "PUT /css/main.cssHTTP/2"
404 "PUT /favicon.icoHTTP/1.0"
404 "DELETE /downloadsHTTP/1.1"
404 "DELETE /downloadsHTTP/1.1"
404 "PUT /downloadsHTTP/1.0"
404 "POST /favicon.icoHTTP/1.1"
404 "PATCH /favicon.icoHTTP/1.0"
404 "POST /css/main.cssHTTP/1.1"
404 "PATCH /downloadsHTTP/1.1"
404 "PATCH /forums/forums.txtHTTP/2"
404 "DELETE /css/main.cssHTTP/1.0"
404 "DELETE /forums/forums.txtHTTP/1.1"
404 "PUT /forums/forums.txtHTTP/2"
404 "PUT /css/main.cssHTTP/1.1"
404 "PUT /css/main.cssHTTP/1.0"
404 "PATCH /js/main.jsHTTP/1.0"
404 "PUT /forums/forums.txtHTTP/1.0"
404 "GET /forums/forums.txtHTTP/1.1"
404 "PATCH /forums/forums.txtHTTP/2"
404 "GET /downloadsHTTP/1.0"
404 "PATCH /css/main.cssHTTP/2"
404 "DELETE /forums/forums.txtHTTP/1.0"
404 "POST /downloadsHTTP/2"
404 "PATCH /favicon.icoHTTP/1.1"
404 "PATCH /favicon.icoHTTP/1.1"
404 "DELETE /favicon.icoHTTP/2"
404 "PATCH /forums/forums.txtHTTP/2"
404 "DELETE /css/main.cssHTTP/2"
404 "POST /css/main.cssHTTP/2"
404 "GET /favicon.icoHTTP/1.0"
404 "DELETE /js/main.jsHTTP/2"
404 "PATCH /js/main.jsHTTP/1.1"
404 "GET /favicon.icoHTTP/2"
404 "GET /favicon.icoHTTP/1.0"
404 "PUT /downloadsHTTP/2"
404 "PATCH /favicon.icoHTTP/1.1"
404 "PATCH /favicon.icoHTTP/1.0"
404 "POST /css/main.cssHTTP/1.0"
404 "GET /js/main.jsHTTP/1.1"
404 "POST /js/main.jsHTTP/1.0"
404 "PUT /forums/forums.txtHTTP/2"
404 "POST /forums/forums.txtHTTP/1.0"
404 "PUT /js/main.jsHTTP/1.1"
404 "PATCH /downloadsHTTP/2"
404 "DELETE /favicon.icoHTTP/2"
404 "GET /downloadsHTTP/2"
404 "DELETE /downloadsHTTP/2"
404 "PATCH /js/main.jsHTTP/2"
404 "POST /css/main.cssHTTP/1.1"
404 "GET /forums/forums.txtHTTP/1.1"
404 "GET /favicon.icoHTTP/1.0"
404 "DELETE /js/main.jsHTTP/1.0"
404 "DELETE /downloadsHTTP/1.0"
404 "DELETE /favicon.icoHTTP/1.1"
404 "PUT /favicon.icoHTTP/2"
404 "DELETE /css/main.cssHTTP/2"
404 "POST /favicon.icoHTTP/1.0"
404 "GET /favicon.icoHTTP/1.0"
404 "GET /downloadsHTTP/1.1"
404 "PATCH /downloadsHTTP/1.1"
404 "DELETE /css/main.cssHTTP/1.1"
404 "GET /css/main.cssHTTP/1.0"
404 "PUT /css/main.cssHTTP/1.1"
404 "PUT /css/main.cssHTTP/1.1"
404 "POST /favicon.icoHTTP/1.1"
404 "GET /favicon.icoHTTP/1.1"
404 "POST /downloadsHTTP/1.1"
404 "DELETE /css/main.cssHTTP/1.1"
404 "PUT /js/main.jsHTTP/1.0"
404 "DELETE /js/main.jsHTTP/1.0"
404 "DELETE /favicon.icoHTTP/1.1"
404 "DELETE /js/main.jsHTTP/1.1"
404 "POST /favicon.icoHTTP/1.1"
404 "POST /downloadsHTTP/1.1"
404 "DELETE /downloadsHTTP/2"
404 "PUT /css/main.cssHTTP/1.0"
404 "DELETE /forums/forums.txtHTTP/1.1"
404 "PUT /downloadsHTTP/2"
404 "PUT /js/main.jsHTTP/1.0"
404 "DELETE /downloadsHTTP/1.0"
404 "PUT /favicon.icoHTTP/1.0"
404 "PATCH /js/main.jsHTTP/2"
404 "PUT /forums/forums.txtHTTP/2"
404 "GET /js/main.jsHTTP/2"
404 "GET /forums/forums.txtHTTP/2"
404 "POST /favicon.icoHTTP/2"
404 "POST /downloadsHTTP/1.0"
404 "POST /forums/forums.txtHTTP/1.0"
404 "PATCH /favicon.icoHTTP/2"
404 "PUT /favicon.icoHTTP/1.1"
404 "GET /downloadsHTTP/2"
404 "POST /favicon.icoHTTP/1.1"
404 "GET /css/main.cssHTTP/1.0"
404 "POST /css/main.cssHTTP/1.0"
404 "DELETE /favicon.icoHTTP/1.0"
404 "POST /forums/forums.txtHTTP/1.1"
404 "GET /forums/forums.txtHTTP/2"
404 "DELETE /js/main.jsHTTP/1.0"
404 "PUT /js/main.jsHTTP/1.0"
404 "DELETE /downloadsHTTP/1.1"
404 "GET /downloadsHTTP/1.1"
404 "DELETE /favicon.icoHTTP/1.1"
404 "DELETE /js/main.jsHTTP/1.1"
404 "PATCH /downloadsHTTP/2"
404 "POST /forums/forums.txtHTTP/1.0"
404 "PATCH /css/main.cssHTTP/1.0"
404 "GET /forums/forums.txtHTTP/1.1"
404 "DELETE /favicon.icoHTTP/1.0"
404 "DELETE /js/main.jsHTTP/2"
404 "DELETE /js/main.jsHTTP/1.0"
404 "GET /css/main.cssHTTP/1.1"
404 "GET /css/main.cssHTTP/2"
404 "DELETE /forums/forums.txtHTTP/2"
404 "DELETE /css/main.cssHTTP/1.1"
404 "PATCH /js/main.jsHTTP/1.0"
404 "PATCH /forums/forums.txtHTTP/2"
404 "PATCH /forums/forums.txtHTTP/1.0"
404 "GET /favicon.icoHTTP/1.1"
404 "DELETE /forums/forums.txtHTTP/1.0"
404 "POST /favicon.icoHTTP/1.1"
404 "DELETE /favicon.icoHTTP/1.0"
404 "GET /downloadsHTTP/1.1"
404 "POST /forums/forums.txtHTTP/1.0"
404 "PATCH /forums/forums.txtHTTP/2"
404 "GET /js/main.jsHTTP/1.1"
404 "GET /downloadsHTTP/2"
404 "DELETE /css/main.cssHTTP/1.1"
404 "PUT /favicon.icoHTTP/1.1"
404 "DELETE /downloadsHTTP/1.1"
404 "PATCH /downloadsHTTP/1.1"
404 "POST /favicon.icoHTTP/2"
404 "PUT /forums/forums.txtHTTP/2"
404 "DELETE /css/main.cssHTTP/1.0"
404 "PUT /js/main.jsHTTP/1.0"
404 "DELETE /css/main.cssHTTP/2"
404 "GET /favicon.icoHTTP/1.0"
404 "PATCH /downloadsHTTP/1.0"
404 "PUT /forums/forums.txtHTTP/2"
404 "DELETE /js/main.jsHTTP/1.1"
404 "DELETE /css/main.cssHTTP/1.1"
404 "PATCH /js/main.jsHTTP/2"
404 "PUT /css/main.cssHTTP/1.1"
404 "GET /downloadsHTTP/1.0"
404 "GET /js/main.jsHTTP/1.1"
404 "DELETE /js/main.jsHTTP/1.0"
404 "PATCH /forums/forums.txtHTTP/1.0"
404 "POST /js/main.jsHTTP/2"
404 "DELETE /favicon.icoHTTP/1.0"
404 "PATCH /js/main.jsHTTP/1.1"
500 "GET /downloadsHTTP/2"
500 "PUT /js/main.jsHTTP/2"
500 "POST /downloadsHTTP/1.1"
500 "POST /css/main.cssHTTP/1.1"
500 "DELETE /favicon.icoHTTP/1.0"
500 "POST /favicon.icoHTTP/1.0"
500 "GET /favicon.icoHTTP/1.1"
500 "PATCH /forums/forums.txtHTTP/1.0"
500 "PUT /downloadsHTTP/1.0"
500 "GET /js/main.jsHTTP/1.0"
500 "PUT /js/main.jsHTTP/2"
500 "PATCH /css/main.cssHTTP/2"
500 "PUT /favicon.icoHTTP/1.0"
500 "DELETE /favicon.icoHTTP/1.0"
500 "PUT /css/main.cssHTTP/1.1"
500 "GET /js/main.jsHTTP/2"
500 "PUT /forums/forums.txtHTTP/1.1"
500 "DELETE /downloadsHTTP/1.0"
500 "PUT /downloadsHTTP/1.0"
500 "GET /js/main.jsHTTP/1.0"
500 "GET /forums/forums.txtHTTP/1.1"
500 "PUT /forums/forums.txtHTTP/1.1"
500 "PATCH /css/main.cssHTTP/1.1"
500 "GET /js/main.jsHTTP/1.1"
500 "GET /favicon.icoHTTP/1.1"
500 "POST /favicon.icoHTTP/1.1"
500 "POST /favicon.icoHTTP/1.0"
500 "PATCH /forums/forums.txtHTTP/2"
500 "PATCH /js/main.jsHTTP/2"
500 "GET /css/main.cssHTTP/2"
500 "DELETE /downloadsHTTP/1.1"
500 "PUT /js/main.jsHTTP/1.1"
500 "POST /js/main.jsHTTP/1.1"
500 "GET /css/main.cssHTTP/1.0"
500 "PATCH /favicon.icoHTTP/1.1"
500 "GET /js/main.jsHTTP/1.0"
500 "PATCH /css/main.cssHTTP/1.0"
500 "GET /css/main.cssHTTP/1.1"
500 "PATCH /downloadsHTTP/1.0"
500 "GET /forums/forums.txtHTTP/1.0"
500 "GET /downloadsHTTP/1.0"
500 "POST /favicon.icoHTTP/2"
500 "GET /downloadsHTTP/1.0"
500 "POST /favicon.icoHTTP/1.1"
500 "DELETE /favicon.icoHTTP/1.1"
500 "PATCH /downloadsHTTP/1.0"
500 "GET /favicon.icoHTTP/2"
500 "GET /forums/forums.txtHTTP/2"
500 "GET /downloadsHTTP/1.1"
500 "PATCH /favicon.icoHTTP/1.1"
500 "POST /forums/forums.txtHTTP/2"
500 "POST /favicon.icoHTTP/1.1"
500 "PATCH /js/main.jsHTTP/2"
500 "PUT /js/main.jsHTTP/1.0"
500 "PUT /js/main.jsHTTP/1.1"
500 "POST /favicon.icoHTTP/1.0"
500 "PATCH /css/main.cssHTTP/1.1"
500 "PATCH /css/main.cssHTTP/2"
500 "PATCH /favicon.icoHTTP/1.1"
500 "PUT /css/main.cssHTTP/2"
500 "PUT /css/main.cssHTTP/1.1"
500 "PUT /favicon.icoHTTP/1.0"
500 "GET /css/main.cssHTTP/1.1"
500 "GET /favicon.icoHTTP/2"
500 "GET /forums/forums.txtHTTP/2"
500 "POST /css/main.cssHTTP/1.0"
500 "PUT /css/main.cssHTTP/1.1"
500 "PATCH /js/main.jsHTTP/1.0"
500 "PATCH /forums/forums.txtHTTP/1.0"
500 "DELETE /js/main.jsHTTP/2"
500 "PUT /downloadsHTTP/1.0"
500 "POST /js/main.jsHTTP/1.0"
500 "DELETE /favicon.icoHTTP/2"
500 "PUT /js/main.jsHTTP/1.1"
500 "PUT /css/main.cssHTTP/2"
500 "GET /forums/forums.txtHTTP/1.1"
500 "POST /js/main.jsHTTP/1.1"
500 "PUT /downloadsHTTP/2"
500 "PATCH /css/main.cssHTTP/1.1"
500 "PUT /favicon.icoHTTP/1.1"
500 "PUT /favicon.icoHTTP/1.0"
500 "GET /favicon.icoHTTP/2"
500 "PATCH /downloadsHTTP/2"
500 "GET /downloadsHTTP/1.1"
500 "DELETE /forums/forums.txtHTTP/2"
500 "DELETE /favicon.icoHTTP/1.1"
500 "DELETE /js/main.jsHTTP/1.1"
500 "PUT /js/main.jsHTTP/1.0"
500 "DELETE /css/main.cssHTTP/2"
500 "GET /js/main.jsHTTP/2"
500 "GET /css/main.cssHTTP/1.0"
500 "PATCH /downloadsHTTP/1.0"
500 "POST /favicon.icoHTTP/1.1"
500 "GET /forums/forums.txtHTTP/2"
500 "PUT /favicon.icoHTTP/1.1"
500 "POST /favicon.icoHTTP/1.1"
500 "PATCH /js/main.jsHTTP/1.0"
500 "PUT /js/main.jsHTTP/2"
500 "PUT /js/main.jsHTTP/1.1"
500 "PATCH /forums/forums.txtHTTP/1.0"
500 "POST /downloadsHTTP/1.0"
500 "PATCH /downloadsHTTP/1.1"
500 "PUT /css/main.cssHTTP/1.0"
500 "PATCH /downloadsHTTP/2"
500 "POST /forums/forums.txtHTTP/1.0"
500 "GET /forums/forums.txtHTTP/2"
500 "GET /css/main.cssHTTP/1.1"
500 "POST /css/main.cssHTTP/2"
500 "GET /forums/forums.txtHTTP/1.1"
500 "PATCH /js/main.jsHTTP/1.1"
500 "DELETE /downloadsHTTP/1.0"
500 "PUT /downloadsHTTP/1.0"
500 "PUT /downloadsHTTP/2"
500 "DELETE /forums/forums.txtHTTP/1.1"
500 "PATCH /css/main.cssHTTP/1.0"
500 "POST /forums/forums.txtHTTP/1.1"
500 "DELETE /downloadsHTTP/1.1"
500 "POST /css/main.cssHTTP/2"
500 "DELETE /favicon.icoHTTP/1.0"
500 "DELETE /js/main.jsHTTP/1.1"
500 "GET /js/main.jsHTTP/2"
500 "POST /favicon.icoHTTP/2"
500 "POST /downloadsHTTP/1.0"
500 "POST /css/main.cssHTTP/1.0"
500 "POST /favicon.icoHTTP/2"
500 "GET /downloadsHTTP/1.1"
500 "GET /css/main.cssHTTP/2"
500 "PUT /js/main.jsHTTP/1.0"
500 "DELETE /css/main.cssHTTP/1.1"
500 "POST /favicon.icoHTTP/1.1"
500 "POST /favicon.icoHTTP/2"
500 "POST /css/main.cssHTTP/1.0"
500 "PUT /downloadsHTTP/1.0"
500 "POST /downloadsHTTP/1.1"
500 "GET /forums/forums.txtHTTP/1.0"
500 "PATCH /forums/forums.txtHTTP/1.1"
500 "GET /downloadsHTTP/2"
500 "DELETE /css/main.cssHTTP/2"
500 "DELETE /favicon.icoHTTP/2"
500 "PATCH /js/main.jsHTTP/2"
500 "POST /forums/forums.txtHTTP/1.1"
500 "DELETE /forums/forums.txtHTTP/1.0"
500 "PUT /downloadsHTTP/1.0"
500 "PATCH /forums/forums.txtHTTP/1.0"
500 "POST /forums/forums.txtHTTP/2"
500 "PUT /downloadsHTTP/2"
500 "PATCH /forums/forums.txtHTTP/2"
500 "PUT /favicon.icoHTTP/1.1"
500 "PUT /forums/forums.txtHTTP/1.1"
500 "PATCH /downloadsHTTP/1.0"
500 "GET /forums/forums.txtHTTP/1.0"
500 "GET /downloadsHTTP/1.0"
500 "DELETE /favicon.icoHTTP/2"
500 "POST /css/main.cssHTTP/1.0"
500 "GET /js/main.jsHTTP/1.1"
500 "PATCH /js/main.jsHTTP/2"
500 "POST /js/main.jsHTTP/1.1"
500 "POST /css/main.cssHTTP/2"
500 "DELETE /js/main.jsHTTP/1.1"
500 "PUT /downloadsHTTP/1.0"
500 "PUT /css/main.cssHTTP/1.1"
500 "POST /downloadsHTTP/1.0"
500 "PUT /downloadsHTTP/1.0"
500 "DELETE /downloadsHTTP/2"
500 "DELETE /js/main.jsHTTP/2"
500 "DELETE /css/main.cssHTTP/2"
500 "POST /css/main.cssHTTP/1.0"
500 "PUT /downloadsHTTP/1.1"
500 "DELETE /css/main.cssHTTP/2"
500 "DELETE /downloadsHTTP/2"
500 "POST /favicon.icoHTTP/1.1"
500 "PATCH /css/main.cssHTTP/1.0"
500 "PATCH /forums/forums.txtHTTP/1.0"
500 "PATCH /forums/forums.txtHTTP/1.1"
500 "DELETE /css/main.cssHTTP/1.0"
500 "GET /css/main.cssHTTP/1.1"
500 "GET /favicon.icoHTTP/1.0"
500 "GET /forums/forums.txtHTTP/2"
500 "GET /downloadsHTTP/2"
500 "PUT /js/main.jsHTTP/1.1"
500 "PATCH /css/main.cssHTTP/1.1"
500 "GET /css/main.cssHTTP/1.1"
500 "PATCH /js/main.jsHTTP/1.0"
500 "GET /forums/forums.txtHTTP/1.0"
500 "PUT /css/main.cssHTTP/2"
500 "POST /favicon.icoHTTP/1.0"
500 "GET /js/main.jsHTTP/2"
500 "GET /forums/forums.txtHTTP/2"
500 "PATCH /downloadsHTTP/2"
501 "PUT /downloadsHTTP/1.1"
501 "DELETE /forums/forums.txtHTTP/2"
501 "PATCH /css/main.cssHTTP/1.1"
501 "DELETE /css/main.cssHTTP/1.0"
501 "GET /forums/forums.txtHTTP/1.0"
501 "DELETE /css/main.cssHTTP/1.1"
501 "DELETE /css/main.cssHTTP/1.1"
501 "DELETE /css/main.cssHTTP/2"
501 "PUT /downloadsHTTP/1.0"
501 "DELETE /forums/forums.txtHTTP/1.0"
501 "POST /js/main.jsHTTP/1.1"
501 "GET /favicon.icoHTTP/1.0"
501 "GET /forums/forums.txtHTTP/2"
501 "PATCH /downloadsHTTP/1.1"
501 "PUT /favicon.icoHTTP/2"
501 "DELETE /css/main.cssHTTP/2"
501 "PUT /forums/forums.txtHTTP/2"
501 "DELETE /js/main.jsHTTP/1.0"
501 "DELETE /css/main.cssHTTP/2"
501 "POST /favicon.icoHTTP/1.0"
501 "PATCH /forums/forums.txtHTTP/1.1"
501 "POST /forums/forums.txtHTTP/2"
501 "PATCH /css/main.cssHTTP/2"
501 "PATCH /js/main.jsHTTP/1.1"
501 "POST /forums/forums.txtHTTP/2"
501 "PUT /downloadsHTTP/1.0"
501 "PUT /js/main.jsHTTP/1.0"
501 "PUT /js/main.jsHTTP/1.0"
501 "GET /downloadsHTTP/1.1"
501 "GET /forums/forums.txtHTTP/1.0"
501 "GET /forums/forums.txtHTTP/1.1"
501 "POST /forums/forums.txtHTTP/1.1"
501 "GET /favicon.icoHTTP/1.1"
501 "GET /css/main.cssHTTP/2"
501 "DELETE /favicon.icoHTTP/1.0"
501 "PATCH /css/main.cssHTTP/1.1"
501 "POST /downloadsHTTP/1.1"
501 "GET /forums/forums.txtHTTP/2"
501 "DELETE /forums/forums.txtHTTP/2"
501 "PUT /css/main.cssHTTP/1.0"
501 "PUT /favicon.icoHTTP/2"
501 "DELETE /forums/forums.txtHTTP/1.1"
501 "DELETE /favicon.icoHTTP/1.0"
501 "PUT /favicon.icoHTTP/1.0"
501 "PATCH /css/main.cssHTTP/2"
501 "PATCH /forums/forums.txtHTTP/2"
501 "PATCH /downloadsHTTP/1.1"
501 "DELETE /forums/forums.txtHTTP/1.1"
501 "POST /js/main.jsHTTP/1.0"
501 "POST /favicon.icoHTTP/2"
501 "GET /js/main.jsHTTP/1.0"
501 "GET /forums/forums.txtHTTP/1.0"
501 "GET /js/main.jsHTTP/2"
501 "DELETE /css/main.cssHTTP/2"
501 "PATCH /forums/forums.txtHTTP/1.0"
501 "DELETE /js/main.jsHTTP/1.1"
501 "PUT /forums/forums.txtHTTP/1.0"
501 "PUT /js/main.jsHTTP/2"
501 "POST /favicon.icoHTTP/1.0"
501 "POST /css/main.cssHTTP/1.1"
501 "PUT /css/main.cssHTTP/1.0"
501 "GET /downloadsHTTP/1.0"
501 "GET /js/main.jsHTTP/2"
501 "DELETE /forums/forums.txtHTTP/1.0"
501 "POST /downloadsHTTP/2"
501 "POST /js/main.jsHTTP/1.1"
501 "DELETE /forums/forums.txtHTTP/1.1"
501 "PATCH /js/main.jsHTTP/1.1"
501 "PUT /js/main.jsHTTP/1.0"
501 "PATCH /downloadsHTTP/1.0"
501 "POST /downloadsHTTP/2"
501 "PATCH /forums/forums.txtHTTP/1.1"
501 "PUT /downloadsHTTP/1.0"
501 "POST /js/main.jsHTTP/2"
501 "GET /favicon.icoHTTP/1.0"
501 "PATCH /js/main.jsHTTP/1.1"
501 "DELETE /downloadsHTTP/1.1"
501 "PUT /favicon.icoHTTP/2"
501 "DELETE /js/main.jsHTTP/1.0"
501 "PATCH /forums/forums.txtHTTP/2"
501 "PUT /js/main.jsHTTP/1.1"
501 "PUT /css/main.cssHTTP/1.1"
501 "PUT /forums/forums.txtHTTP/1.0"
501 "POST /forums/forums.txtHTTP/1.1"
501 "DELETE /downloadsHTTP/2"
501 "PATCH /forums/forums.txtHTTP/1.1"
501 "POST /favicon.icoHTTP/1.1"
501 "GET /forums/forums.txtHTTP/1.1"
501 "DELETE /favicon.icoHTTP/1.0"
501 "PUT /favicon.icoHTTP/2"
501 "DELETE /favicon.icoHTTP/2"
501 "POST /css/main.cssHTTP/1.0"
501 "POST /js/main.jsHTTP/1.0"
501 "POST /favicon.icoHTTP/1.0"
501 "PATCH /js/main.jsHTTP/2"
501 "PATCH /forums/forums.txtHTTP/1.0"
501 "PUT /forums/forums.txtHTTP/2"
501 "POST /forums/forums.txtHTTP/2"
501 "POST /favicon.icoHTTP/1.1"
501 "DELETE /favicon.icoHTTP/2"
501 "GET /downloadsHTTP/1.0"
501 "PATCH /downloadsHTTP/2"
501 "PATCH /forums/forums.txtHTTP/2"
501 "PUT /js/main.jsHTTP/1.0"
501 "PUT /downloadsHTTP/1.0"
501 "GET /favicon.icoHTTP/1.1"
501 "PUT /forums/forums.txtHTTP/1.1"
501 "GET /favicon.icoHTTP/1.1"
501 "PUT /downloadsHTTP/1.0"
501 "PATCH /favicon.icoHTTP/2"
501 "PATCH /favicon.icoHTTP/2"
501 "DELETE /downloadsHTTP/2"
501 "GET /forums/forums.txtHTTP/1.0"
501 "DELETE /js/main.jsHTTP/1.0"
501 "GET /forums/forums.txtHTTP/1.0"
501 "DELETE /downloadsHTTP/1.1"
501 "PATCH /favicon.icoHTTP/2"
501 "PATCH /forums/forums.txtHTTP/1.0"
501 "POST /js/main.jsHTTP/1.0"
501 "GET /forums/forums.txtHTTP/2"
501 "POST /forums/forums.txtHTTP/1.1"
501 "PUT /downloadsHTTP/1.0"
501 "POST /favicon.icoHTTP/2"
501 "POST /downloadsHTTP/1.0"
501 "GET /css/main.cssHTTP/2"
501 "POST /css/main.cssHTTP/1.0"
501 "POST /favicon.icoHTTP/1.1"
501 "PUT /forums/forums.txtHTTP/1.0"
501 "GET /downloadsHTTP/1.0"
501 "GET /downloadsHTTP/2"
501 "POST /js/main.jsHTTP/1.1"
501 "DELETE /favicon.icoHTTP/2"
501 "POST /downloadsHTTP/1.1"
501 "DELETE /css/main.cssHTTP/1.1"
501 "POST /downloadsHTTP/2"
501 "POST /js/main.jsHTTP/1.0"
501 "POST /css/main.cssHTTP/2"
501 "DELETE /js/main.jsHTTP/1.1"
501 "GET /forums/forums.txtHTTP/2"
501 "PATCH /css/main.cssHTTP/1.1"
501 "GET /css/main.cssHTTP/1.0"
501 "POST /downloadsHTTP/2"
501 "GET /downloadsHTTP/1.1"
501 "PATCH /forums/forums.txtHTTP/1.1"
501 "POST /css/main.cssHTTP/1.0"
501 "POST /forums/forums.txtHTTP/1.1"
501 "PATCH /css/main.cssHTTP/2"
501 "PUT /downloadsHTTP/1.1"
501 "PATCH /js/main.jsHTTP/2"
501 "GET /forums/forums.txtHTTP/1.0"
501 "PUT /forums/forums.txtHTTP/2"
501 "PATCH /downloadsHTTP/2"
501 "PATCH /js/main.jsHTTP/2"
501 "POST /css/main.cssHTTP/2"
501 "PUT /forums/forums.txtHTTP/2"
501 "PATCH /favicon.icoHTTP/2"
501 "GET /favicon.icoHTTP/2"
501 "POST /favicon.icoHTTP/1.1"
501 "DELETE /js/main.jsHTTP/1.0"
501 "GET /js/main.jsHTTP/2"
501 "PATCH /downloadsHTTP/2"
501 "GET /css/main.cssHTTP/1.1"
501 "PUT /favicon.icoHTTP/1.0"
501 "GET /js/main.jsHTTP/2"
501 "PATCH /downloadsHTTP/1.1"
501 "PUT /favicon.icoHTTP/2"
501 "PUT /forums/forums.txtHTTP/1.0"
501 "GET /forums/forums.txtHTTP/1.1"
501 "POST /favicon.icoHTTP/1.1"
501 "POST /favicon.icoHTTP/1.0"
501 "POST /css/main.cssHTTP/1.0"
501 "POST /js/main.jsHTTP/2"
501 "PATCH /css/main.cssHTTP/1.1"
501 "DELETE /css/main.cssHTTP/1.0"
501 "PATCH /js/main.jsHTTP/1.1"
501 "DELETE /favicon.icoHTTP/1.1"
501 "GET /js/main.jsHTTP/1.0"
501 "PUT /favicon.icoHTTP/1.0"
501 "POST /forums/forums.txtHTTP/1.1"
501 "DELETE /downloadsHTTP/2"
501 "GET /js/main.jsHTTP/2"
501 "PUT /forums/forums.txtHTTP/2"
501 "POST /favicon.icoHTTP/1.0"
501 "GET /forums/forums.txtHTTP/1.1"
501 "DELETE /favicon.icoHTTP/1.1"
501 "DELETE /downloadsHTTP/2"
501 "PATCH /css/main.cssHTTP/1.0"
501 "GET /css/main.cssHTTP/1.1"
501 "POST /js/main.jsHTTP/2"
501 "PUT /downloadsHTTP/2"
501 "DELETE /favicon.icoHTTP/1.1"
501 "DELETE /js/main.jsHTTP/1.1"
501 "PATCH /css/main.cssHTTP/2"
501 "DELETE /forums/forums.txtHTTP/1.1"
501 "POST /forums/forums.txtHTTP/1.0"
501 "DELETE /js/main.jsHTTP/1.1"
501 "PATCH /js/main.jsHTTP/1.0"
501 "GET /css/main.cssHTTP/2"
501 "PUT /downloadsHTTP/2"
501 "GET /js/main.jsHTTP/1.1"
501 "DELETE /js/main.jsHTTP/1.0"
501 "PUT /favicon.icoHTTP/1.0"
501 "PATCH /css/main.cssHTTP/2"
501 "PUT /css/main.cssHTTP/1.0"
501 "POST /js/main.jsHTTP/1.1"
501 "GET /downloadsHTTP/2"
501 "GET /favicon.icoHTTP/1.0"
501 "POST /css/main.cssHTTP/1.1"
501 "DELETE /favicon.icoHTTP/2"
501 "DELETE /js/main.jsHTTP/1.1"
501 "POST /js/main.jsHTTP/1.1"
501 "GET /js/main.jsHTTP/2"
501 "POST /css/main.cssHTTP/2"
501 "POST /favicon.icoHTTP/1.0"
501 "PUT /downloadsHTTP/1.0"
501 "POST /css/main.cssHTTP/1.1"
501 "POST /downloadsHTTP/1.0"
501 "POST /css/main.cssHTTP/2"
501 "POST /favicon.icoHTTP/1.0"
501 "GET /favicon.icoHTTP/2"
502 "PATCH /downloadsHTTP/1.1"
502 "DELETE /favicon.icoHTTP/1.1"
502 "PATCH /forums/forums.txtHTTP/1.0"
502 "PATCH /downloadsHTTP/1.1"
502 "DELETE /downloadsHTTP/2"
502 "PUT /downloadsHTTP/1.0"
502 "DELETE /forums/forums.txtHTTP/2"
502 "DELETE /css/main.cssHTTP/2"
502 "PATCH /forums/forums.txtHTTP/1.1"
502 "PATCH /js/main.jsHTTP/1.1"
502 "POST /css/main.cssHTTP/2"
502 "GET /forums/forums.txtHTTP/1.0"
502 "POST /favicon.icoHTTP/1.0"
502 "PATCH /css/main.cssHTTP/2"
502 "POST /downloadsHTTP/2"
502 "GET /css/main.cssHTTP/1.1"
502 "PUT /css/main.cssHTTP/1.1"
502 "PUT /js/main.jsHTTP/1.0"
502 "PUT /css/main.cssHTTP/1.0"
502 "POST /css/main.cssHTTP/2"
502 "PUT /downloadsHTTP/1.0"
502 "DELETE /js/main.jsHTTP/1.1"
502 "GET /favicon.icoHTTP/2"
502 "POST /css/main.cssHTTP/1.1"
502 "PATCH /forums/forums.txtHTTP/2"
502 "POST /favicon.icoHTTP/2"
502 "PATCH /js/main.jsHTTP/1.0"
502 "POST /downloadsHTTP/2"
502 "PATCH /downloadsHTTP/1.0"
502 "POST /forums/forums.txtHTTP/1.0"
502 "GET /js/main.jsHTTP/2"
502 "PUT /forums/forums.txtHTTP/1.1"
502 "PATCH /downloadsHTTP/1.0"
502 "DELETE /forums/forums.txtHTTP/1.0"
502 "PUT /forums/forums.txtHTTP/2"
502 "DELETE /js/main.jsHTTP/2"
502 "PUT /favicon.icoHTTP/2"
502 "POST /forums/forums.txtHTTP/1.1"
502 "DELETE /favicon.icoHTTP/1.0"
502 "PATCH /downloadsHTTP/1.0"
502 "PUT /favicon.icoHTTP/1.0"
502 "PUT /js/main.jsHTTP/2"
502 "POST /js/main.jsHTTP/2"
502 "PATCH /favicon.icoHTTP/1.0"
502 "POST /forums/forums.txtHTTP/1.1"
502 "POST /forums/forums.txtHTTP/2"
502 "DELETE /css/main.cssHTTP/1.0"
502 "GET /favicon.icoHTTP/1.1"
502 "PUT /css/main.cssHTTP/1.1"
502 "POST /forums/forums.txtHTTP/2"
502 "POST /css/main.cssHTTP/1.0"
502 "POST /downloadsHTTP/2"
502 "PATCH /css/main.cssHTTP/1.1"
502 "GET /js/main.jsHTTP/2"
502 "GET /css/main.cssHTTP/1.0"
502 "GET /css/main.cssHTTP/1.0"
502 "PATCH /favicon.icoHTTP/1.0"
502 "PATCH /css/main.cssHTTP/1.0"
502 "PATCH /favicon.icoHTTP/2"
502 "POST /forums/forums.txtHTTP/2"
502 "PUT /js/main.jsHTTP/1.0"
502 "POST /forums/forums.txtHTTP/1.0"
502 "DELETE /favicon.icoHTTP/1.1"
502 "GET /downloadsHTTP/1.1"
502 "PUT /forums/forums.txtHTTP/1.1"
502 "PATCH /favicon.icoHTTP/1.1"
502 "PATCH /js/main.jsHTTP/1.0"
502 "DELETE /js/main.jsHTTP/1.0"
502 "GET /css/main.cssHTTP/2"
502 "DELETE /downloadsHTTP/1.0"
502 "POST /downloadsHTTP/2"
502 "PUT /downloadsHTTP/1.1"
502 "DELETE /favicon.icoHTTP/1.0"
502 "PUT /favicon.icoHTTP/2"
502 "GET /downloadsHTTP/1.1"
502 "GET /downloadsHTTP/2"
502 "PUT /favicon.icoHTTP/2"
502 "DELETE /downloadsHTTP/1.0"
502 "PATCH /favicon.icoHTTP/2"
502 "POST /favicon.icoHTTP/1.0"
502 "PATCH /css/main.cssHTTP/1.1"
502 "PATCH /js/main.jsHTTP/2"
502 "PUT /favicon.icoHTTP/1.0"
502 "PUT /forums/forums.txtHTTP/1.1"
502 "DELETE /downloadsHTTP/1.0"
502 "POST /downloadsHTTP/1.1"
502 "PATCH /forums/forums.txtHTTP/1.1"
502 "PUT /downloadsHTTP/1.0"
502 "GET /downloadsHTTP/2"
502 "PUT /js/main.jsHTTP/1.0"
502 "DELETE /downloadsHTTP/2"
502 "DELETE /downloadsHTTP/1.1"
502 "DELETE /forums/forums.txtHTTP/2"
502 "GET /downloadsHTTP/1.0"
502 "DELETE /favicon.icoHTTP/2"
502 "PUT /forums/forums.txtHTTP/2"
502 "POST /js/main.jsHTTP/1.0"
502 "POST /downloadsHTTP/1.0"
502 "DELETE /downloadsHTTP/1.0"
502 "GET /downloadsHTTP/2"
502 "POST /js/main.jsHTTP/2"
502 "DELETE /js/main.jsHTTP/1.0"
502 "DELETE /css/main.cssHTTP/1.0"
502 "DELETE /js/main.jsHTTP/2"
502 "GET /js/main.jsHTTP/1.1"
502 "DELETE /favicon.icoHTTP/1.0"
502 "POST /css/main.cssHTTP/1.0"
502 "PATCH /forums/forums.txtHTTP/1.0"
502 "DELETE /favicon.icoHTTP/1.0"
502 "PATCH /downloadsHTTP/1.0"
502 "GET /downloadsHTTP/1.1"
502 "GET /downloadsHTTP/1.0"
502 "POST /favicon.icoHTTP/1.1"
502 "DELETE /css/main.cssHTTP/1.1"
502 "PATCH /favicon.icoHTTP/1.0"
502 "POST /downloadsHTTP/1.0"
502 "PUT /favicon.icoHTTP/1.0"
502 "POST /css/main.cssHTTP/1.0"
502 "PATCH /forums/forums.txtHTTP/1.1"
502 "POST /css/main.cssHTTP/1.0"
502 "POST /favicon.icoHTTP/2"
502 "DELETE /css/main.cssHTTP/2"
502 "PUT /favicon.icoHTTP/1.0"
502 "DELETE /js/main.jsHTTP/1.1"
502 "GET /css/main.cssHTTP/2"
502 "PATCH /downloadsHTTP/1.0"
502 "DELETE /downloadsHTTP/2"
502 "POST /downloadsHTTP/1.0"
502 "GET /downloadsHTTP/2"
502 "DELETE /favicon.icoHTTP/1.1"
502 "GET /downloadsHTTP/2"
502 "POST /js/main.jsHTTP/2"
502 "PATCH /favicon.icoHTTP/1.0"
502 "PATCH /css/main.cssHTTP/2"
502 "PUT /forums/forums.txtHTTP/1.0"
502 "POST /favicon.icoHTTP/2"
502 "POST /css/main.cssHTTP/2"
502 "DELETE /forums/forums.txtHTTP/1.1"
502 "DELETE /js/main.jsHTTP/1.0"
502 "POST /downloadsHTTP/2"
502 "PUT /favicon.icoHTTP/2"
502 "GET /css/main.cssHTTP/2"
502 "GET /css/main.cssHTTP/2"
502 "DELETE /css/main.cssHTTP/2"
502 "PUT /downloadsHTTP/1.1"
502 "POST /css/main.cssHTTP/2"
502 "PUT /favicon.icoHTTP/1.1"
502 "PATCH /favicon.icoHTTP/1.1"
502 "PATCH /favicon.icoHTTP/1.0"
502 "PUT /js/main.jsHTTP/2"
502 "PATCH /js/main.jsHTTP/1.1"
502 "POST /downloadsHTTP/1.0"
502 "GET /css/main.cssHTTP/1.0"
502 "PUT /forums/forums.txtHTTP/1.0"
502 "PATCH /forums/forums.txtHTTP/1.0"
502 "DELETE /css/main.cssHTTP/1.0"
502 "PATCH /css/main.cssHTTP/1.0"
502 "POST /forums/forums.txtHTTP/1.1"
502 "GET /favicon.icoHTTP/1.0"
502 "PATCH /css/main.cssHTTP/1.0"
502 "PUT /downloadsHTTP/1.0"
502 "PATCH /js/main.jsHTTP/1.0"
502 "PATCH /css/main.cssHTTP/1.1"
502 "POST /downloadsHTTP/1.0"
502 "POST /forums/forums.txtHTTP/1.1"
502 "PATCH /favicon.icoHTTP/1.0"
502 "POST /downloadsHTTP/1.1"
502 "PUT /downloadsHTTP/2"
502 "PATCH /forums/forums.txtHTTP/1.0"
502 "DELETE /css/main.cssHTTP/1.1"
502 "DELETE /forums/forums.txtHTTP/2"
502 "PATCH /forums/forums.txtHTTP/1.1"
502 "PUT /downloadsHTTP/2"
502 "PATCH /favicon.icoHTTP/2"
502 "PATCH /downloadsHTTP/2"
502 "DELETE /js/main.jsHTTP/1.0"
502 "GET /js/main.jsHTTP/1.0"
502 "POST /js/main.jsHTTP/2"
502 "GET /css/main.cssHTTP/1.1"
502 "GET /favicon.icoHTTP/1.1"
502 "PATCH /favicon.icoHTTP/2"
502 "DELETE /js/main.jsHTTP/1.1"
502 "DELETE /js/main.jsHTTP/1.1"
502 "PATCH /js/main.jsHTTP/2"
502 "PATCH /forums/forums.txtHTTP/1.0"
502 "DELETE /downloadsHTTP/1.0"
502 "POST /js/main.jsHTTP/2"
502 "PATCH /downloadsHTTP/2"
502 "POST /favicon.icoHTTP/1.0"
502 "POST /css/main.cssHTTP/1.1"
502 "DELETE /downloadsHTTP/1.1"
502 "PUT /downloadsHTTP/1.0"
502 "GET /css/main.cssHTTP/1.0"
502 "PATCH /css/main.cssHTTP/1.0"
502 "PATCH /favicon.icoHTTP/1.0"
502 "GET /js/main.jsHTTP/1.0"
502 "GET /css/main.cssHTTP/1.0"
502 "GET /forums/forums.txtHTTP/2"
502 "GET /favicon.icoHTTP/1.1"
502 "POST /favicon.icoHTTP/1.0"
502 "GET /js/main.jsHTTP/2"
502 "PATCH /favicon.icoHTTP/1.1"
502 "GET /css/main.cssHTTP/1.1"
502 "DELETE /js/main.jsHTTP/2"
502 "GET /css/main.cssHTTP/2"
502 "PATCH /favicon.icoHTTP/1.0"
503 "GET /favicon.icoHTTP/2"
503 "GET /downloadsHTTP/1.0"
503 "PATCH /downloadsHTTP/2"
503 "DELETE /downloadsHTTP/1.1"
503 "POST /downloadsHTTP/2"
503 "GET /js/main.jsHTTP/1.0"
503 "PATCH /favicon.icoHTTP/2"
503 "GET /forums/forums.txtHTTP/2"
503 "GET /forums/forums.txtHTTP/1.1"
503 "DELETE /downloadsHTTP/2"
503 "DELETE /forums/forums.txtHTTP/2"
503 "POST /css/main.cssHTTP/1.1"
503 "PUT /downloadsHTTP/1.1"
503 "PATCH /forums/forums.txtHTTP/1.0"
503 "PUT /forums/forums.txtHTTP/2"
503 "POST /favicon.icoHTTP/1.1"
503 "POST /favicon.icoHTTP/1.0"
503 "DELETE /css/main.cssHTTP/1.1"
503 "PATCH /css/main.cssHTTP/2"
503 "PATCH /favicon.icoHTTP/1.1"
503 "PATCH /downloadsHTTP/1.0"
503 "PATCH /downloadsHTTP/1.1"
503 "DELETE /forums/forums.txtHTTP/1.1"
503 "PATCH /css/main.cssHTTP/1.0"
503 "PATCH /forums/forums.txtHTTP/1.1"
503 "GET /js/main.jsHTTP/1.0"
503 "PATCH /favicon.icoHTTP/1.1"
503 "GET /js/main.jsHTTP/1.1"
503 "POST /downloadsHTTP/1.0"
503 "POST /forums/forums.txtHTTP/2"
503 "PUT /js/main.jsHTTP/1.0"
503 "DELETE /downloadsHTTP/1.1"
503 "PUT /forums/forums.txtHTTP/1.0"
503 "PATCH /js/main.jsHTTP/2"
503 "PUT /js/main.jsHTTP/1.0"
503 "PATCH /css/main.cssHTTP/2"
503 "POST /favicon.icoHTTP/1.1"
503 "PATCH /forums/forums.txtHTTP/1.1"
503 "GET /js/main.jsHTTP/1.0"
503 "PATCH /css/main.cssHTTP/2"
503 "DELETE /css/main.cssHTTP/2"
503 "POST /favicon.icoHTTP/1.0"
503 "GET /favicon.icoHTTP/1.1"
503 "POST /forums/forums.txtHTTP/1.1"
503 "DELETE /js/main.jsHTTP/2"
503 "PUT /favicon.icoHTTP/2"
503 "POST /downloadsHTTP/2"
503 "PATCH /favicon.icoHTTP/2"
503 "DELETE /forums/forums.txtHTTP/1.0"
503 "PUT /downloadsHTTP/1.0"
503 "GET /css/main.cssHTTP/2"
503 "POST /css/main.cssHTTP/1.0"
503 "GET /downloadsHTTP/2"
503 "GET /forums/forums.txtHTTP/2"
503 "DELETE /favicon.icoHTTP/1.0"
503 "DELETE /js/main.jsHTTP/2"
503 "PUT /css/main.cssHTTP/2"
503 "PUT /forums/forums.txtHTTP/1.0"
503 "PUT /js/main.jsHTTP/1.1"
503 "POST /forums/forums.txtHTTP/1.0"
503 "GET /favicon.icoHTTP/2"
503 "DELETE /favicon.icoHTTP/1.0"
503 "DELETE /js/main.jsHTTP/2"
503 "PATCH /js/main.jsHTTP/1.1"
503 "GET /forums/forums.txtHTTP/1.0"
503 "PATCH /favicon.icoHTTP/1.1"
503 "GET /css/main.cssHTTP/1.0"
503 "PATCH /js/main.jsHTTP/1.1"
503 "DELETE /css/main.cssHTTP/2"
503 "GET /js/main.jsHTTP/2"
503 "PATCH /forums/forums.txtHTTP/1.0"
503 "GET /favicon.icoHTTP/1.0"
503 "GET /downloadsHTTP/1.1"
503 "PATCH /css/main.cssHTTP/1.1"
503 "PUT /favicon.icoHTTP/1.0"
503 "PUT /forums/forums.txtHTTP/1.1"
503 "GET /js/main.jsHTTP/1.1"
503 "GET /favicon.icoHTTP/1.0"
503 "PATCH /forums/forums.txtHTTP/1.0"
503 "GET /css/main.cssHTTP/1.1"
503 "PUT /js/main.jsHTTP/1.1"
503 "PUT /forums/forums.txtHTTP/1.1"
503 "PUT /forums/forums.txtHTTP/2"
503 "POST /favicon.icoHTTP/2"
503 "DELETE /downloadsHTTP/2"
503 "DELETE /css/main.cssHTTP/2"
503 "GET /downloadsHTTP/1.1"
503 "PUT /favicon.icoHTTP/2"
503 "DELETE /forums/forums.txtHTTP/1.1"
503 "POST /css/main.cssHTTP/1.0"
503 "POST /favicon.icoHTTP/2"
503 "PATCH /favicon.icoHTTP/1.1"
503 "GET /favicon.icoHTTP/1.1"
503 "PUT /css/main.cssHTTP/2"
503 "POST /css/main.cssHTTP/1.0"
503 "DELETE /css/main.cssHTTP/1.0"
503 "POST /js/main.jsHTTP/2"
503 "POST /downloadsHTTP/2"
503 "PATCH /favicon.icoHTTP/1.1"
503 "POST /css/main.cssHTTP/2"
503 "POST /favicon.icoHTTP/2"
503 "PATCH /js/main.jsHTTP/1.1"
503 "PUT /downloadsHTTP/1.0"
503 "PUT /downloadsHTTP/1.0"
503 "PATCH /downloadsHTTP/1.0"
503 "POST /favicon.icoHTTP/1.0"
503 "GET /forums/forums.txtHTTP/1.1"
503 "DELETE /js/main.jsHTTP/2"
503 "PATCH /downloadsHTTP/2"
503 "POST /forums/forums.txtHTTP/1.1"
503 "DELETE /downloadsHTTP/1.1"
503 "GET /forums/forums.txtHTTP/1.1"
503 "PUT /forums/forums.txtHTTP/2"
503 "DELETE /downloadsHTTP/1.1"
503 "PUT /downloadsHTTP/1.1"
503 "PUT /forums/forums.txtHTTP/1.0"
503 "PATCH /downloadsHTTP/2"
503 "PATCH /favicon.icoHTTP/2"
503 "DELETE /downloadsHTTP/2"
503 "POST /css/main.cssHTTP/1.1"
503 "PATCH /favicon.icoHTTP/2"
503 "POST /js/main.jsHTTP/1.0"
503 "DELETE /css/main.cssHTTP/1.1"
503 "PUT /downloadsHTTP/1.1"
503 "PUT /css/main.cssHTTP/1.0"
503 "PUT /favicon.icoHTTP/1.1"
503 "GET /js/main.jsHTTP/1.0"
503 "GET /forums/forums.txtHTTP/1.0"
503 "GET /js/main.jsHTTP/2"
503 "POST /js/main.jsHTTP/1.1"
503 "PATCH /forums/forums.txtHTTP/1.0"
503 "POST /js/main.jsHTTP/1.0"
503 "PUT /css/main.cssHTTP/1.0"
503 "POST /js/main.jsHTTP/1.1"
503 "DELETE /js/main.jsHTTP/2"
503 "POST /js/main.jsHTTP/1.0"
503 "PATCH /js/main.jsHTTP/1.0"
503 "DELETE /favicon.icoHTTP/2"
503 "DELETE /forums/forums.txtHTTP/1.0"
503 "GET /css/main.cssHTTP/1.1"
503 "POST /css/main.cssHTTP/2"
503 "GET /forums/forums.txtHTTP/1.0"
503 "PATCH /css/main.cssHTTP/1.0"
503 "GET /favicon.icoHTTP/2"
503 "DELETE /forums/forums.txtHTTP/1.1"
503 "GET /js/main.jsHTTP/1.0"
503 "POST /downloadsHTTP/2"
503 "PUT /favicon.icoHTTP/2"
503 "POST /forums/forums.txtHTTP/1.1"
503 "GET /downloadsHTTP/2"
503 "PUT /downloadsHTTP/1.0"
503 "POST /favicon.icoHTTP/1.1"
503 "POST /js/main.jsHTTP/1.1"
503 "PUT /css/main.cssHTTP/2"
503 "PATCH /forums/forums.txtHTTP/1.0"
503 "PATCH /downloadsHTTP/2"
503 "POST /js/main.jsHTTP/1.0"
503 "GET /forums/forums.txtHTTP/1.1"
503 "POST /js/main.jsHTTP/2"
503 "GET /downloadsHTTP/2"
503 "POST /js/main.jsHTTP/2"
503 "GET /css/main.cssHTTP/2"
503 "GET /css/main.cssHTTP/1.0"
503 "POST /css/main.cssHTTP/1.0"
503 "PUT /forums/forums.txtHTTP/1.0"
503 "POST /downloadsHTTP/1.1"
503 "PATCH /favicon.icoHTTP/1.0"
503 "DELETE /downloadsHTTP/2"
503 "PATCH /downloadsHTTP/1.0"
503 "POST /forums/forums.txtHTTP/1.1"
503 "DELETE /favicon.icoHTTP/1.1"
503 "DELETE /css/main.cssHTTP/1.0"
503 "POST /css/main.cssHTTP/2"
503 "GET /favicon.icoHTTP/2"
503 "DELETE /forums/forums.txtHTTP/2"
503 "PATCH /favicon.icoHTTP/1.1"
503 "GET /css/main.cssHTTP/1.1"
503 "PUT /forums/forums.txtHTTP/1.0"
503 "GET /forums/forums.txtHTTP/1.0"
503 "PUT /css/main.cssHTTP/1.1"
503 "POST /css/main.cssHTTP/2"
503 "GET /css/main.cssHTTP/1.1"
503 "DELETE /forums/forums.txtHTTP/1.1"
503 "DELETE /downloadsHTTP/2"
503 "POST /favicon.icoHTTP/2"
503 "GET /css/main.cssHTTP/2"
503 "POST /favicon.icoHTTP/1.1"
503 "DELETE /downloadsHTTP/1.0"
503 "POST /downloadsHTTP/1.0"
503 "POST /favicon.icoHTTP/1.1"
503 "PUT /forums/forums.txtHTTP/1.1"
503 "POST /css/main.cssHTTP/2"
503 "PUT /forums/forums.txtHTTP/1.0"
503 "PUT /js/main.jsHTTP/2"
503 "POST /css/main.cssHTTP/1.1"
503 "POST /downloadsHTTP/2"
503 "DELETE /css/main.cssHTTP/1.1"
503 "DELETE /favicon.icoHTTP/2"
503 "PATCH /js/main.jsHTTP/1.0"
