/home/robbicle/test//aazs_200325 ======= 20 Mar 2025 05:47:09
/home/robbicle/test//aazs_200325/aasr.tyu_200325 ======= 20 Mar 2025 05:47:09 ======= 100kb
/home/robbicle/test//aazs_200325/aaasr.tyu_200325 ======= 20 Mar 2025 05:47:09 ======= 100kb
/home/robbicle/test//aazs_200325/aaaasr.tyu_200325 ======= 20 Mar 2025 05:47:09 ======= 100kb
/home/robbicle/test//aazs_200325/aaaaasr.tyu_200325 ======= 20 Mar 2025 05:47:09 ======= 100kb
/home/robbicle/test//aazs_200325/aaaaaasr.tyu_200325 ======= 20 Mar 2025 05:47:09 ======= 100kb
/home/robbicle/test//aazs_200325/aaaaaaasr.tyu_200325 ======= 20 Mar 2025 05:47:09 ======= 100kb
/home/robbicle/test//aazs_200325/aaaaaaaasr.tyu_200325 ======= 20 Mar 2025 05:47:09 ======= 100kb
/home/robbicle/test//aazs_200325/aaaaaaaaasr.tyu_200325 ======= 20 Mar 2025 05:47:09 ======= 100kb
/home/robbicle/test//aazs_200325/aaaaaaaaaasr.tyu_200325 ======= 20 Mar 2025 05:47:09 ======= 100kb
/home/robbicle/test//aazs_200325/aaaaaaaaaaasr.tyu_200325 ======= 20 Mar 2025 05:47:09 ======= 100kb
/home/robbicle/test//aazs_200325/aaazs_200325 ======= 20 Mar 2025 05:47:09
/home/robbicle/test//aazs_200325/aaazs_200325/aasr.tyu_200325 ======= 20 Mar 2025 05:47:09 ======= 100kb
/home/robbicle/test//aazs_200325/aaazs_200325/aaasr.tyu_200325 ======= 20 Mar 2025 05:47:09 ======= 100kb
/home/robbicle/test//aazs_200325/aaazs_200325/aaaasr.tyu_200325 ======= 20 Mar 2025 05:47:09 ======= 100kb
/home/robbicle/test//aazs_200325/aaazs_200325/aaaaasr.tyu_200325 ======= 20 Mar 2025 05:47:09 ======= 100kb
/home/robbicle/test//aazs_200325/aaazs_200325/aaaaaasr.tyu_200325 ======= 20 Mar 2025 05:47:09 ======= 100kb
/home/robbicle/test//aazs_200325/aaazs_200325/aaaaaaasr.tyu_200325 ======= 20 Mar 2025 05:47:09 ======= 100kb
/home/robbicle/test//aazs_200325/aaazs_200325/aaaaaaaasr.tyu_200325 ======= 20 Mar 2025 05:47:09 ======= 100kb
/home/robbicle/test//aazs_200325/aaazs_200325/aaaaaaaaasr.tyu_200325 ======= 20 Mar 2025 05:47:09 ======= 100kb
/home/robbicle/test//aazs_200325/aaazs_200325/aaaaaaaaaasr.tyu_200325 ======= 20 Mar 2025 05:47:09 ======= 100kb
/home/robbicle/test//aazs_200325/aaazs_200325/aaaaaaaaaaasr.tyu_200325 ======= 20 Mar 2025 05:47:09 ======= 100kb
/home/robbicle/test//aazs_200325/aaazs_200325/aaaazs_200325 ======= 20 Mar 2025 05:47:09
/home/robbicle/test//aazs_200325/aaazs_200325/aaaazs_200325/aasr.tyu_200325 ======= 20 Mar 2025 05:47:09 ======= 100kb
/home/robbicle/test//aazs_200325/aaazs_200325/aaaazs_200325/aaasr.tyu_200325 ======= 20 Mar 2025 05:47:09 ======= 100kb
/home/robbicle/test//aazs_200325/aaazs_200325/aaaazs_200325/aaaasr.tyu_200325 ======= 20 Mar 2025 05:47:09 ======= 100kb
/home/robbicle/test//aazs_200325/aaazs_200325/aaaazs_200325/aaaaasr.tyu_200325 ======= 20 Mar 2025 05:47:09 ======= 100kb
/home/robbicle/test//aazs_200325/aaazs_200325/aaaazs_200325/aaaaaasr.tyu_200325 ======= 20 Mar 2025 05:47:09 ======= 100kb
/home/robbicle/test//aazs_200325/aaazs_200325/aaaazs_200325/aaaaaaasr.tyu_200325 ======= 20 Mar 2025 05:47:10 ======= 100kb
/home/robbicle/test//aazs_200325/aaazs_200325/aaaazs_200325/aaaaaaaasr.tyu_200325 ======= 20 Mar 2025 05:47:10 ======= 100kb
/home/robbicle/test//aazs_200325/aaazs_200325/aaaazs_200325/aaaaaaaaasr.tyu_200325 ======= 20 Mar 2025 05:47:10 ======= 100kb
/home/robbicle/test//aazs_200325/aaazs_200325/aaaazs_200325/aaaaaaaaaasr.tyu_200325 ======= 20 Mar 2025 05:47:10 ======= 100kb
/home/robbicle/test//aazs_200325/aaazs_200325/aaaazs_200325/aaaaaaaaaaasr.tyu_200325 ======= 20 Mar 2025 05:47:10 ======= 100kb
/home/robbicle/test//aazs_200325/aaazs_200325/aaaazs_200325/aaaaazs_200325 ======= 20 Mar 2025 05:47:10
/home/robbicle/test//aazs_200325/aaazs_200325/aaaazs_200325/aaaaazs_200325/aasr.tyu_200325 ======= 20 Mar 2025 05:47:10 ======= 100kb
/home/robbicle/test//aazs_200325/aaazs_200325/aaaazs_200325/aaaaazs_200325/aaasr.tyu_200325 ======= 20 Mar 2025 05:47:10 ======= 100kb
/home/robbicle/test//aazs_200325/aaazs_200325/aaaazs_200325/aaaaazs_200325/aaaasr.tyu_200325 ======= 20 Mar 2025 05:47:10 ======= 100kb
/home/robbicle/test//aazs_200325/aaazs_200325/aaaazs_200325/aaaaazs_200325/aaaaasr.tyu_200325 ======= 20 Mar 2025 05:47:10 ======= 100kb
/home/robbicle/test//aazs_200325/aaazs_200325/aaaazs_200325/aaaaazs_200325/aaaaaasr.tyu_200325 ======= 20 Mar 2025 05:47:10 ======= 100kb
/home/robbicle/test//aazs_200325/aaazs_200325/aaaazs_200325/aaaaazs_200325/aaaaaaasr.tyu_200325 ======= 20 Mar 2025 05:47:10 ======= 100kb
/home/robbicle/test//aazs_200325/aaazs_200325/aaaazs_200325/aaaaazs_200325/aaaaaaaasr.tyu_200325 ======= 20 Mar 2025 05:47:10 ======= 100kb
/home/robbicle/test//aazs_200325/aaazs_200325/aaaazs_200325/aaaaazs_200325/aaaaaaaaasr.tyu_200325 ======= 20 Mar 2025 05:47:10 ======= 100kb
/home/robbicle/test//aazs_200325/aaazs_200325/aaaazs_200325/aaaaazs_200325/aaaaaaaaaasr.tyu_200325 ======= 20 Mar 2025 05:47:10 ======= 100kb
/home/robbicle/test//aazs_200325/aaazs_200325/aaaazs_200325/aaaaazs_200325/aaaaaaaaaaasr.tyu_200325 ======= 20 Mar 2025 05:47:10 ======= 100kb
/home/robbicle/test//aazs_200325/aaazs_200325/aaaazs_200325/aaaaazs_200325/aaaaaazs_200325 ======= 20 Mar 2025 05:47:10
/home/robbicle/test//aazs_200325/aaazs_200325/aaaazs_200325/aaaaazs_200325/aaaaaazs_200325/aasr.tyu_200325 ======= 20 Mar 2025 05:47:10 ======= 100kb
/home/robbicle/test//aazs_200325/aaazs_200325/aaaazs_200325/aaaaazs_200325/aaaaaazs_200325/aaasr.tyu_200325 ======= 20 Mar 2025 05:47:10 ======= 100kb
/home/robbicle/test//aazs_200325/aaazs_200325/aaaazs_200325/aaaaazs_200325/aaaaaazs_200325/aaaasr.tyu_200325 ======= 20 Mar 2025 05:47:10 ======= 100kb
/home/robbicle/test//aazs_200325/aaazs_200325/aaaazs_200325/aaaaazs_200325/aaaaaazs_200325/aaaaasr.tyu_200325 ======= 20 Mar 2025 05:47:10 ======= 100kb
/home/robbicle/test//aazs_200325/aaazs_200325/aaaazs_200325/aaaaazs_200325/aaaaaazs_200325/aaaaaasr.tyu_200325 ======= 20 Mar 2025 05:47:10 ======= 100kb
/home/robbicle/test//aazs_200325/aaazs_200325/aaaazs_200325/aaaaazs_200325/aaaaaazs_200325/aaaaaaasr.tyu_200325 ======= 20 Mar 2025 05:47:10 ======= 100kb
/home/robbicle/test//aazs_200325/aaazs_200325/aaaazs_200325/aaaaazs_200325/aaaaaazs_200325/aaaaaaaasr.tyu_200325 ======= 20 Mar 2025 05:47:10 ======= 100kb
/home/robbicle/test//aazs_200325/aaazs_200325/aaaazs_200325/aaaaazs_200325/aaaaaazs_200325/aaaaaaaaasr.tyu_200325 ======= 20 Mar 2025 05:47:10 ======= 100kb
/home/robbicle/test//aazs_200325/aaazs_200325/aaaazs_200325/aaaaazs_200325/aaaaaazs_200325/aaaaaaaaaasr.tyu_200325 ======= 20 Mar 2025 05:47:10 ======= 100kb
/home/robbicle/test//aazs_200325/aaazs_200325/aaaazs_200325/aaaaazs_200325/aaaaaazs_200325/aaaaaaaaaaasr.tyu_200325 ======= 20 Mar 2025 05:47:10 ======= 100kb
/home/robbicle/test//aazs_200325/aaazs_200325/aaaazs_200325/aaaaazs_200325/aaaaaazs_200325/aaaaaaazs_200325 ======= 20 Mar 2025 05:47:10
/home/robbicle/test//aazs_200325/aaazs_200325/aaaazs_200325/aaaaazs_200325/aaaaaazs_200325/aaaaaaazs_200325/aasr.tyu_200325 ======= 20 Mar 2025 05:47:10 ======= 100kb
/home/robbicle/test//aazs_200325/aaazs_200325/aaaazs_200325/aaaaazs_200325/aaaaaazs_200325/aaaaaaazs_200325/aaasr.tyu_200325 ======= 20 Mar 2025 05:47:10 ======= 100kb
/home/robbicle/test//aazs_200325/aaazs_200325/aaaazs_200325/aaaaazs_200325/aaaaaazs_200325/aaaaaaazs_200325/aaaasr.tyu_200325 ======= 20 Mar 2025 05:47:10 ======= 100kb
/home/robbicle/test//aazs_200325/aaazs_200325/aaaazs_200325/aaaaazs_200325/aaaaaazs_200325/aaaaaaazs_200325/aaaaasr.tyu_200325 ======= 20 Mar 2025 05:47:10 ======= 100kb
/home/robbicle/test//aazs_200325/aaazs_200325/aaaazs_200325/aaaaazs_200325/aaaaaazs_200325/aaaaaaazs_200325/aaaaaasr.tyu_200325 ======= 20 Mar 2025 05:47:10 ======= 100kb
/home/robbicle/test//aazs_200325/aaazs_200325/aaaazs_200325/aaaaazs_200325/aaaaaazs_200325/aaaaaaazs_200325/aaaaaaasr.tyu_200325 ======= 20 Mar 2025 05:47:10 ======= 100kb
/home/robbicle/test//aazs_200325/aaazs_200325/aaaazs_200325/aaaaazs_200325/aaaaaazs_200325/aaaaaaazs_200325/aaaaaaaasr.tyu_200325 ======= 20 Mar 2025 05:47:10 ======= 100kb
/home/robbicle/test//aazs_200325/aaazs_200325/aaaazs_200325/aaaaazs_200325/aaaaaazs_200325/aaaaaaazs_200325/aaaaaaaaasr.tyu_200325 ======= 20 Mar 2025 05:47:10 ======= 100kb
/home/robbicle/test//aazs_200325/aaazs_200325/aaaazs_200325/aaaaazs_200325/aaaaaazs_200325/aaaaaaazs_200325/aaaaaaaaaasr.tyu_200325 ======= 20 Mar 2025 05:47:10 ======= 100kb
/home/robbicle/test//aazs_200325/aaazs_200325/aaaazs_200325/aaaaazs_200325/aaaaaazs_200325/aaaaaaazs_200325/aaaaaaaaaaasr.tyu_200325 ======= 20 Mar 2025 05:47:10 ======= 100kb
/home/robbicle/test//aazs_200325/aaazs_200325/aaaazs_200325/aaaaazs_200325/aaaaaazs_200325/aaaaaaazs_200325/aaaaaaaazs_200325 ======= 20 Mar 2025 05:47:10
/home/robbicle/test//aazs_200325/aaazs_200325/aaaazs_200325/aaaaazs_200325/aaaaaazs_200325/aaaaaaazs_200325/aaaaaaaazs_200325/aasr.tyu_200325 ======= 20 Mar 2025 05:47:10 ======= 100kb
/home/robbicle/test//aazs_200325/aaazs_200325/aaaazs_200325/aaaaazs_200325/aaaaaazs_200325/aaaaaaazs_200325/aaaaaaaazs_200325/aaasr.tyu_200325 ======= 20 Mar 2025 05:47:10 ======= 100kb
/home/robbicle/test//aazs_200325/aaazs_200325/aaaazs_200325/aaaaazs_200325/aaaaaazs_200325/aaaaaaazs_200325/aaaaaaaazs_200325/aaaasr.tyu_200325 ======= 20 Mar 2025 05:47:10 ======= 100kb
/home/robbicle/test//aazs_200325/aaazs_200325/aaaazs_200325/aaaaazs_200325/aaaaaazs_200325/aaaaaaazs_200325/aaaaaaaazs_200325/aaaaasr.tyu_200325 ======= 20 Mar 2025 05:47:11 ======= 100kb
/home/robbicle/test//aazs_200325/aaazs_200325/aaaazs_200325/aaaaazs_200325/aaaaaazs_200325/aaaaaaazs_200325/aaaaaaaazs_200325/aaaaaasr.tyu_200325 ======= 20 Mar 2025 05:47:11 ======= 100kb
/home/robbicle/test//aazs_200325/aaazs_200325/aaaazs_200325/aaaaazs_200325/aaaaaazs_200325/aaaaaaazs_200325/aaaaaaaazs_200325/aaaaaaasr.tyu_200325 ======= 20 Mar 2025 05:47:11 ======= 100kb
/home/robbicle/test//aazs_200325/aaazs_200325/aaaazs_200325/aaaaazs_200325/aaaaaazs_200325/aaaaaaazs_200325/aaaaaaaazs_200325/aaaaaaaasr.tyu_200325 ======= 20 Mar 2025 05:47:11 ======= 100kb
/home/robbicle/test//aazs_200325/aaazs_200325/aaaazs_200325/aaaaazs_200325/aaaaaazs_200325/aaaaaaazs_200325/aaaaaaaazs_200325/aaaaaaaaasr.tyu_200325 ======= 20 Mar 2025 05:47:11 ======= 100kb
/home/robbicle/test//aazs_200325/aaazs_200325/aaaazs_200325/aaaaazs_200325/aaaaaazs_200325/aaaaaaazs_200325/aaaaaaaazs_200325/aaaaaaaaaasr.tyu_200325 ======= 20 Mar 2025 05:47:11 ======= 100kb
/home/robbicle/test//aazs_200325/aaazs_200325/aaaazs_200325/aaaaazs_200325/aaaaaazs_200325/aaaaaaazs_200325/aaaaaaaazs_200325/aaaaaaaaaaasr.tyu_200325 ======= 20 Mar 2025 05:47:11 ======= 100kb
/home/robbicle/test//aazs_200325/aaazs_200325/aaaazs_200325/aaaaazs_200325/aaaaaazs_200325/aaaaaaazs_200325/aaaaaaaazs_200325/aaaaaaaaazs_200325 ======= 20 Mar 2025 05:47:11
/home/robbicle/test//aazs_200325/aaazs_200325/aaaazs_200325/aaaaazs_200325/aaaaaazs_200325/aaaaaaazs_200325/aaaaaaaazs_200325/aaaaaaaaazs_200325/aasr.tyu_200325 ======= 20 Mar 2025 05:47:11 ======= 100kb
/home/robbicle/test//aazs_200325/aaazs_200325/aaaazs_200325/aaaaazs_200325/aaaaaazs_200325/aaaaaaazs_200325/aaaaaaaazs_200325/aaaaaaaaazs_200325/aaasr.tyu_200325 ======= 20 Mar 2025 05:47:11 ======= 100kb
/home/robbicle/test//aazs_200325/aaazs_200325/aaaazs_200325/aaaaazs_200325/aaaaaazs_200325/aaaaaaazs_200325/aaaaaaaazs_200325/aaaaaaaaazs_200325/aaaasr.tyu_200325 ======= 20 Mar 2025 05:47:11 ======= 100kb
/home/robbicle/test//aazs_200325/aaazs_200325/aaaazs_200325/aaaaazs_200325/aaaaaazs_200325/aaaaaaazs_200325/aaaaaaaazs_200325/aaaaaaaaazs_200325/aaaaasr.tyu_200325 ======= 20 Mar 2025 05:47:11 ======= 100kb
/home/robbicle/test//aazs_200325/aaazs_200325/aaaazs_200325/aaaaazs_200325/aaaaaazs_200325/aaaaaaazs_200325/aaaaaaaazs_200325/aaaaaaaaazs_200325/aaaaaasr.tyu_200325 ======= 20 Mar 2025 05:47:11 ======= 100kb
/home/robbicle/test//aazs_200325/aaazs_200325/aaaazs_200325/aaaaazs_200325/aaaaaazs_200325/aaaaaaazs_200325/aaaaaaaazs_200325/aaaaaaaaazs_200325/aaaaaaasr.tyu_200325 ======= 20 Mar 2025 05:47:11 ======= 100kb
/home/robbicle/test//aazs_200325/aaazs_200325/aaaazs_200325/aaaaazs_200325/aaaaaazs_200325/aaaaaaazs_200325/aaaaaaaazs_200325/aaaaaaaaazs_200325/aaaaaaaasr.tyu_200325 ======= 20 Mar 2025 05:47:11 ======= 100kb
/home/robbicle/test//aazs_200325/aaazs_200325/aaaazs_200325/aaaaazs_200325/aaaaaazs_200325/aaaaaaazs_200325/aaaaaaaazs_200325/aaaaaaaaazs_200325/aaaaaaaaasr.tyu_200325 ======= 20 Mar 2025 05:47:11 ======= 100kb
/home/robbicle/test//aazs_200325/aaazs_200325/aaaazs_200325/aaaaazs_200325/aaaaaazs_200325/aaaaaaazs_200325/aaaaaaaazs_200325/aaaaaaaaazs_200325/aaaaaaaaaasr.tyu_200325 ======= 20 Mar 2025 05:47:11 ======= 100kb
/home/robbicle/test//aazs_200325/aaazs_200325/aaaazs_200325/aaaaazs_200325/aaaaaazs_200325/aaaaaaazs_200325/aaaaaaaazs_200325/aaaaaaaaazs_200325/aaaaaaaaaaasr.tyu_200325 ======= 20 Mar 2025 05:47:11 ======= 100kb
/home/robbicle/test//aazs_200325/aaazs_200325/aaaazs_200325/aaaaazs_200325/aaaaaazs_200325/aaaaaaazs_200325/aaaaaaaazs_200325/aaaaaaaaazs_200325/aaaaaaaaaazs_200325 ======= 20 Mar 2025 05:47:11
/home/robbicle/test//aazs_200325/aaazs_200325/aaaazs_200325/aaaaazs_200325/aaaaaazs_200325/aaaaaaazs_200325/aaaaaaaazs_200325/aaaaaaaaazs_200325/aaaaaaaaaazs_200325/aasr.tyu_200325 ======= 20 Mar 2025 05:47:11 ======= 100kb
/home/robbicle/test//aazs_200325/aaazs_200325/aaaazs_200325/aaaaazs_200325/aaaaaazs_200325/aaaaaaazs_200325/aaaaaaaazs_200325/aaaaaaaaazs_200325/aaaaaaaaaazs_200325/aaasr.tyu_200325 ======= 20 Mar 2025 05:47:11 ======= 100kb
/home/robbicle/test//aazs_200325/aaazs_200325/aaaazs_200325/aaaaazs_200325/aaaaaazs_200325/aaaaaaazs_200325/aaaaaaaazs_200325/aaaaaaaaazs_200325/aaaaaaaaaazs_200325/aaaasr.tyu_200325 ======= 20 Mar 2025 05:47:11 ======= 100kb
/home/robbicle/test//aazs_200325/aaazs_200325/aaaazs_200325/aaaaazs_200325/aaaaaazs_200325/aaaaaaazs_200325/aaaaaaaazs_200325/aaaaaaaaazs_200325/aaaaaaaaaazs_200325/aaaaasr.tyu_200325 ======= 20 Mar 2025 05:47:11 ======= 100kb
/home/robbicle/test//aazs_200325/aaazs_200325/aaaazs_200325/aaaaazs_200325/aaaaaazs_200325/aaaaaaazs_200325/aaaaaaaazs_200325/aaaaaaaaazs_200325/aaaaaaaaaazs_200325/aaaaaasr.tyu_200325 ======= 20 Mar 2025 05:47:11 ======= 100kb
/home/robbicle/test//aazs_200325/aaazs_200325/aaaazs_200325/aaaaazs_200325/aaaaaazs_200325/aaaaaaazs_200325/aaaaaaaazs_200325/aaaaaaaaazs_200325/aaaaaaaaaazs_200325/aaaaaaasr.tyu_200325 ======= 20 Mar 2025 05:47:11 ======= 100kb
/home/robbicle/test//aazs_200325/aaazs_200325/aaaazs_200325/aaaaazs_200325/aaaaaazs_200325/aaaaaaazs_200325/aaaaaaaazs_200325/aaaaaaaaazs_200325/aaaaaaaaaazs_200325/aaaaaaaasr.tyu_200325 ======= 20 Mar 2025 05:47:11 ======= 100kb
/home/robbicle/test//aazs_200325/aaazs_200325/aaaazs_200325/aaaaazs_200325/aaaaaazs_200325/aaaaaaazs_200325/aaaaaaaazs_200325/aaaaaaaaazs_200325/aaaaaaaaaazs_200325/aaaaaaaaasr.tyu_200325 ======= 20 Mar 2025 05:47:11 ======= 100kb
/home/robbicle/test//aazs_200325/aaazs_200325/aaaazs_200325/aaaaazs_200325/aaaaaazs_200325/aaaaaaazs_200325/aaaaaaaazs_200325/aaaaaaaaazs_200325/aaaaaaaaaazs_200325/aaaaaaaaaasr.tyu_200325 ======= 20 Mar 2025 05:47:11 ======= 100kb
/home/robbicle/test//aazs_200325/aaazs_200325/aaaazs_200325/aaaaazs_200325/aaaaaazs_200325/aaaaaaazs_200325/aaaaaaaazs_200325/aaaaaaaaazs_200325/aaaaaaaaaazs_200325/aaaaaaaaaaasr.tyu_200325 ======= 20 Mar 2025 05:47:11 ======= 100kb
/home/robbicle/test//aazs_200325/aaazs_200325/aaaazs_200325/aaaaazs_200325/aaaaaazs_200325/aaaaaaazs_200325/aaaaaaaazs_200325/aaaaaaaaazs_200325/aaaaaaaaaazs_200325/aaaaaaaaaaazs_200325 ======= 20 Mar 2025 05:47:11
/home/robbicle/test//aazs_200325/aaazs_200325/aaaazs_200325/aaaaazs_200325/aaaaaazs_200325/aaaaaaazs_200325/aaaaaaaazs_200325/aaaaaaaaazs_200325/aaaaaaaaaazs_200325/aaaaaaaaaaazs_200325/aasr.tyu_200325 ======= 20 Mar 2025 05:47:11 ======= 100kb
/home/robbicle/test//aazs_200325/aaazs_200325/aaaazs_200325/aaaaazs_200325/aaaaaazs_200325/aaaaaaazs_200325/aaaaaaaazs_200325/aaaaaaaaazs_200325/aaaaaaaaaazs_200325/aaaaaaaaaaazs_200325/aaasr.tyu_200325 ======= 20 Mar 2025 05:47:11 ======= 100kb
/home/robbicle/test//aazs_200325/aaazs_200325/aaaazs_200325/aaaaazs_200325/aaaaaazs_200325/aaaaaaazs_200325/aaaaaaaazs_200325/aaaaaaaaazs_200325/aaaaaaaaaazs_200325/aaaaaaaaaaazs_200325/aaaasr.tyu_200325 ======= 20 Mar 2025 05:47:11 ======= 100kb
/home/robbicle/test//aazs_200325/aaazs_200325/aaaazs_200325/aaaaazs_200325/aaaaaazs_200325/aaaaaaazs_200325/aaaaaaaazs_200325/aaaaaaaaazs_200325/aaaaaaaaaazs_200325/aaaaaaaaaaazs_200325/aaaaasr.tyu_200325 ======= 20 Mar 2025 05:47:11 ======= 100kb
/home/robbicle/test//aazs_200325/aaazs_200325/aaaazs_200325/aaaaazs_200325/aaaaaazs_200325/aaaaaaazs_200325/aaaaaaaazs_200325/aaaaaaaaazs_200325/aaaaaaaaaazs_200325/aaaaaaaaaaazs_200325/aaaaaasr.tyu_200325 ======= 20 Mar 2025 05:47:11 ======= 100kb
/home/robbicle/test//aazs_200325/aaazs_200325/aaaazs_200325/aaaaazs_200325/aaaaaazs_200325/aaaaaaazs_200325/aaaaaaaazs_200325/aaaaaaaaazs_200325/aaaaaaaaaazs_200325/aaaaaaaaaaazs_200325/aaaaaaasr.tyu_200325 ======= 20 Mar 2025 05:47:11 ======= 100kb
/home/robbicle/test//aazs_200325/aaazs_200325/aaaazs_200325/aaaaazs_200325/aaaaaazs_200325/aaaaaaazs_200325/aaaaaaaazs_200325/aaaaaaaaazs_200325/aaaaaaaaaazs_200325/aaaaaaaaaaazs_200325/aaaaaaaasr.tyu_200325 ======= 20 Mar 2025 05:47:11 ======= 100kb
/home/robbicle/test//aazs_200325/aaazs_200325/aaaazs_200325/aaaaazs_200325/aaaaaazs_200325/aaaaaaazs_200325/aaaaaaaazs_200325/aaaaaaaaazs_200325/aaaaaaaaaazs_200325/aaaaaaaaaaazs_200325/aaaaaaaaasr.tyu_200325 ======= 20 Mar 2025 05:47:11 ======= 100kb
/home/robbicle/test//aazs_200325/aaazs_200325/aaaazs_200325/aaaaazs_200325/aaaaaazs_200325/aaaaaaazs_200325/aaaaaaaazs_200325/aaaaaaaaazs_200325/aaaaaaaaaazs_200325/aaaaaaaaaaazs_200325/aaaaaaaaaasr.tyu_200325 ======= 20 Mar 2025 05:47:11 ======= 100kb
/home/robbicle/test//aazs_200325/aaazs_200325/aaaazs_200325/aaaaazs_200325/aaaaaazs_200325/aaaaaaazs_200325/aaaaaaaazs_200325/aaaaaaaaazs_200325/aaaaaaaaaazs_200325/aaaaaaaaaaazs_200325/aaaaaaaaaaasr.tyu_200325 ======= 20 Mar 2025 05:47:11 ======= 100kb
