Create dir: /media/cdrom/tests//zzzz_020325
File created: /media/cdrom/tests//zzzz_020325/aaa., size: K
File created: /media/cdrom/tests//zzzz_020325/aza., size: K
File created: /media/cdrom/tests//zzzz_020325/aa.z, size: K
File created: /media/cdrom/tests//zzzz_020325/zaza, size: K
File created: /media/cdrom/tests//zzzz_020325/.zaz, size: K
Create dir: /media/cdrom/tests//zaza_020325
File created: /media/cdrom/tests//zaza_020325/aa.., size: K
File created: /media/cdrom/tests//zaza_020325/azza, size: K
File created: /media/cdrom/tests//zaza_020325/.aaa, size: K
File created: /media/cdrom/tests//zaza_020325/zaza, size: K
File created: /media/cdrom/tests//zaza_020325/azza, size: K
Create dir: /media/cdrom/tests//zaza_020325
File created: /media/cdrom/tests//zaza_020325/z.az, size: K
File created: /media/cdrom/tests//zaza_020325/az.a, size: K
File created: /media/cdrom/tests//zaza_020325/zzz., size: K
File created: /media/cdrom/tests//zaza_020325/aazz, size: K
File created: /media/cdrom/tests//zaza_020325/zzz., size: K
Create dir: /media/cdrom/tests//aaaa_020325
File created: /media/cdrom/tests//aaaa_020325/.azz, size: K
File created: /media/cdrom/tests//aaaa_020325/zazz, size: K
File created: /media/cdrom/tests//aaaa_020325/zz.a, size: K
File created: /media/cdrom/tests//aaaa_020325/azza, size: K
File created: /media/cdrom/tests//aaaa_020325/z.zz, size: K
Create dir: /media/cdrom/tests//azaa_020325
File created: /media/cdrom/tests//azaa_020325/z.za, size: K
File created: /media/cdrom/tests//azaa_020325/aa.., size: K
File created: /media/cdrom/tests//azaa_020325/z.aa, size: K
File created: /media/cdrom/tests//azaa_020325/.aaz, size: K
File created: /media/cdrom/tests//azaa_020325/zzaz, size: K
Create dir: /media/cdrom/tests//zazz_020325
File created: /media/cdrom/tests//zazz_020325/azz., size: K
File created: /media/cdrom/tests//zazz_020325/zaza, size: K
File created: /media/cdrom/tests//zazz_020325/aaa., size: K
File created: /media/cdrom/tests//zazz_020325/aazz, size: K
File created: /media/cdrom/tests//zazz_020325/zza., size: K
Create dir: /media/cdrom/tests//zzza_020325
File created: /media/cdrom/tests//zzza_020325/azaz, size: K
File created: /media/cdrom/tests//zzza_020325/z.za, size: K
File created: /media/cdrom/tests//zzza_020325/a.az, size: K
File created: /media/cdrom/tests//zzza_020325/.a.z, size: K
File created: /media/cdrom/tests//zzza_020325/..zz, size: K
Create dir: /media/cdrom/tests//zzzz_020325
File created: /media/cdrom/tests//zzzz_020325/zaza, size: K
File created: /media/cdrom/tests//zzzz_020325/z.za, size: K
File created: /media/cdrom/tests//zzzz_020325/aza., size: K
File created: /media/cdrom/tests//zzzz_020325/aaza, size: K
File created: /media/cdrom/tests//zzzz_020325/.zaz, size: K
Create dir: /media/cdrom/tests//zaaa_020325
Create dir: /media/cdrom/tests/azaz_020325
Create dir: /home//aazz_020325
Create dir: /home//azaa_020325
Create dir: /home/azza_020325
Create dir: /home/robbicle//zzaa_020325
Create dir: /home/robbicle//azaa_020325
Create dir: /home/robbicle//azaz_020325
Create dir: /home/robbicle//zzzz_020325
Create dir: /home/robbicle//aaza_020325
Create dir: /home/robbicle//zzzz_020325
Create dir: /home/robbicle//azaa_020325
Create dir: /home/robbicle//aaaz_020325
Create dir: /home/robbicle/test/azaz_020325
Create dir: /home/robbicle/test/zzzz_020325
Create dir: /home/robbicle/test/zzza_020325
Create dir: /home/robbicle/test/aaaa_020325
File created: /home/robbicle/test/aaaa_020325/za.z, size: 3K
File created: /home/robbicle/test/aaaa_020325/aa.z, size: 3K
File created: /home/robbicle/test/aaaa_020325/.zz., size: 3K
File created: /home/robbicle/test/aaaa_020325/zaza, size: 3K
File created: /home/robbicle/test/aaaa_020325/..zz, size: 3K
Create dir: /home/robbicle/test/zaza_020325
File created: /home/robbicle/test/zaza_020325/z.za, size: 3K
File created: /home/robbicle/test/zaza_020325/az.z, size: 3K
File created: /home/robbicle/test/zaza_020325/aa.z, size: 3K
File created: /home/robbicle/test/zaza_020325/.azz, size: 3K
File created: /home/robbicle/test/zaza_020325/azzz, size: 3K
Create dir: /home/robbicle/test/zaaz_020325
File created: /home/robbicle/test/zaaz_020325/a.aa, size: 3K
File created: /home/robbicle/test/zaaz_020325/az.., size: 3K
File created: /home/robbicle/test/zaaz_020325/a.za, size: 3K
File created: /home/robbicle/test/zaaz_020325/a.a., size: 3K
File created: /home/robbicle/test/zaaz_020325/aaaz, size: 3K
Create dir: /home/robbicle/test/zaza_020325
File created: /home/robbicle/test/zaza_020325/zz.., size: 3K
File created: /home/robbicle/test/zaza_020325/azza, size: 3K
File created: /home/robbicle/test/zaza_020325/a.aa, size: 3K
File created: /home/robbicle/test/zaza_020325/aaaz, size: 3K
File created: /home/robbicle/test/zaza_020325/..zz, size: 3K
